Log file open, 03/16/19 14:55:26
LogWindows: Failed to load 'aqProf.dll' (GetLastError=126)
LogWindows: File 'aqProf.dll' does not exist
LogWindows: Failed to load 'VtuneApi.dll' (GetLastError=126)
LogWindows: File 'VtuneApi.dll' does not exist
LogWindows: Failed to load 'VtuneApi32e.dll' (GetLastError=126)
LogWindows: File 'VtuneApi32e.dll' does not exist
LogInit: Display: Running engine for game: Boof_Core
LogPlatformFile: Not using cached read wrapper
LogInit: Display: RandInit(-1763161890) SRandInit(-1763161890).
LogInit: Read version file with build ID '5a2211ab-bfd2-4245-b7b2-4b2d347cfe1d'
LogInit: Registered custom module enumerator with build ID '5a2211ab-bfd2-4245-b7b2-4b2d347cfe1d'
LogTaskGraph: Started task graph with 5 named threads and 47 total threads with 3 sets of task threads.
LogStats: Stats thread started at 0.585199
LogD3D11RHI: Aftermath initialized
LogICUInternationalization: Display: ICU TimeZone Detection - Raw Offset: -7:00, Platform Override: ''
LogPluginManager: Mounting plugin Paper2D
LogPluginManager: Mounting plugin LiveLink
LogPluginManager: Mounting plugin LightPropagationVolume
LogPluginManager: Mounting plugin CLionSourceCodeAccess
LogPluginManager: Mounting plugin CodeLiteSourceCodeAccess
LogPluginManager: Mounting plugin GitSourceControl
LogPluginManager: Mounting plugin KDevelopSourceCodeAccess
LogPluginManager: Mounting plugin NullSourceCodeAccess
LogPluginManager: Mounting plugin PerforceSourceControl
LogPluginManager: Mounting plugin SubversionSourceControl
LogPluginManager: Mounting plugin UObjectPlugin
LogPluginManager: Mounting plugin VisualStudioCodeSourceCodeAccess
LogPluginManager: Mounting plugin VisualStudioSourceCodeAccess
LogPluginManager: Mounting plugin XCodeSourceCodeAccess
LogPluginManager: Mounting plugin AssetManagerEditor
LogPluginManager: Mounting plugin CryptoKeys
LogPluginManager: Mounting plugin DataValidation
LogPluginManager: Mounting plugin FacialAnimation
LogPluginManager: Mounting plugin GameplayTagsEditor
LogPluginManager: Mounting plugin MobileLauncherProfileWizard
LogPluginManager: Mounting plugin PluginBrowser
LogPluginManager: Mounting plugin SpeedTreeImporter
LogPluginManager: Mounting plugin DatasmithContent
LogPluginManager: Mounting plugin AlembicImporter
LogPluginManager: Mounting plugin CharacterAI
LogPluginManager: Mounting plugin HTML5Networking
LogPluginManager: Mounting plugin Flex
LogPluginManager: Plugin shader directory ../../../Engine/Plugins/GameWorks/Flex/Shaders found
LogPluginManager: Mapping shader source directory ../../../Engine/Plugins/GameWorks/Flex/Shaders to virtual directory /Plugin/Flex
LogPluginManager: Mounting plugin AndroidMedia
LogPluginManager: Mounting plugin AvfMedia
LogPluginManager: Mounting plugin ImgMedia
LogPluginManager: Mounting plugin LinearTimecode
LogPluginManager: Mounting plugin MediaCompositing
LogPluginManager: Mounting plugin MediaPlayerEditor
LogPluginManager: Mounting plugin WmfMedia
LogPluginManager: Mounting plugin TcpMessaging
LogPluginManager: Mounting plugin UdpMessaging
LogPluginManager: Mounting plugin ActorSequence
LogPluginManager: Mounting plugin LevelSequenceEditor
LogPluginManager: Mounting plugin MatineeToLevelSequence
LogPluginManager: Mounting plugin NetcodeUnitTest
LogPluginManager: Mounting plugin NUTUnrealEngine4
LogPluginManager: Mounting plugin OnlineSubsystemGooglePlay
LogPluginManager: Mounting plugin OnlineSubsystemIOS
LogPluginManager: Mounting plugin OnlineSubsystem
LogPluginManager: Mounting plugin OnlineSubsystemNull
LogPluginManager: Mounting plugin OnlineSubsystemUtils
LogPluginManager: Mounting plugin AndroidDeviceProfileSelector
LogPluginManager: Mounting plugin AndroidMoviePlayer
LogPluginManager: Mounting plugin AndroidPermission
LogPluginManager: Mounting plugin AppleARKit
LogPluginManager: Mounting plugin AppleMoviePlayer
LogPluginManager: Mounting plugin ArchVisCharacter
LogPluginManager: Mounting plugin AudioCapture
LogPluginManager: Mounting plugin CableComponent
LogPluginManager: Mounting plugin CustomMeshComponent
LogPluginManager: Mounting plugin ExampleDeviceProfileSelector
LogPluginManager: Mounting plugin GoogleCloudMessaging
LogPluginManager: Mounting plugin ImmediatePhysics
LogPluginManager: Mounting plugin IOSDeviceProfileSelector
LogPluginManager: Mounting plugin LinuxDeviceProfileSelector
LogPluginManager: Mounting plugin LocationServicesBPLibrary
LogPluginManager: Mounting plugin MobilePatchingUtils
LogPluginManager: Mounting plugin OculusVR
LogPluginManager: Plugin shader directory ../../../Engine/Plugins/Runtime/Oculus/OculusVR/Shaders found
LogPluginManager: Mapping shader source directory ../../../Engine/Plugins/Runtime/Oculus/OculusVR/Shaders to virtual directory /Plugin/OculusVR
LogPluginManager: Mounting plugin PhysXVehicles
LogPluginManager: Mounting plugin ProceduralMeshComponent
LogPluginManager: Mounting plugin RuntimePhysXCooking
LogPluginManager: Mounting plugin SteamVR
LogPluginManager: Mounting plugin WindowsMoviePlayer
LogStreaming: Display: Took  0.126s to configure plugins.
LogModuleManager: Display: Found up-to-date module file E:/Deckard/Game Development/BoofStudios/CoreSystem/BoofStudios_BaseSystem/Boof_Core/Binaries/Win64/UE4Editor-Boof_Core-7102.dll (API version 0).
LogModuleManager: Display: Found up-to-date module file ../../../Engine/Plugins/2D/Paper2D/Binaries/Win64/UE4Editor-Paper2D.dll (API version 0).
LogModuleManager: Display: Found up-to-date module file ../../../Engine/Plugins/2D/Paper2D/Binaries/Win64/UE4Editor-Paper2DEditor.dll (API version 0).
LogModuleManager: Display: Found up-to-date module file ../../../Engine/Plugins/2D/Paper2D/Binaries/Win64/UE4Editor-PaperSpriteSheetImporter.dll (API version 0).
LogModuleManager: Display: Found up-to-date module file ../../../Engine/Plugins/2D/Paper2D/Binaries/Win64/UE4Editor-PaperTiledImporter.dll (API version 0).
LogModuleManager: Display: Found up-to-date module file ../../../Engine/Plugins/2D/Paper2D/Binaries/Win64/UE4Editor-SmartSnapping.dll (API version 0).
LogModuleManager: Display: Found up-to-date module file ../../../Engine/Plugins/Animation/LiveLink/Binaries/Win64/UE4Editor-LiveLink.dll (API version 0).
LogModuleManager: Display: Found up-to-date module file ../../../Engine/Plugins/Animation/LiveLink/Binaries/Win64/UE4Editor-LiveLinkEditor.dll (API version 0).
LogModuleManager: Display: Found up-to-date module file ../../../Engine/Plugins/Blendables/LightPropagationVolume/Binaries/Win64/UE4Editor-LightPropagationVolumeRuntime.dll (API version 0).
LogModuleManager: Display: Found up-to-date module file ../../../Engine/Plugins/Blendables/LightPropagationVolume/Binaries/Win64/UE4Editor-LightPropagationVolumeEditor.dll (API version 0).
LogModuleManager: Display: Found up-to-date module file ../../../Engine/Plugins/Developer/CLionSourceCodeAccess/Binaries/Win64/UE4Editor-CLionSourceCodeAccess.dll (API version 0).
LogModuleManager: Display: Found up-to-date module file ../../../Engine/Plugins/Developer/GitSourceControl/Binaries/Win64/UE4Editor-GitSourceControl.dll (API version 0).
LogModuleManager: Display: Found up-to-date module file ../../../Engine/Plugins/Developer/PerforceSourceControl/Binaries/Win64/UE4Editor-PerforceSourceControl.dll (API version 0).
LogModuleManager: Display: Found up-to-date module file ../../../Engine/Plugins/Developer/SubversionSourceControl/Binaries/Win64/UE4Editor-SubversionSourceControl.dll (API version 0).
LogModuleManager: Display: Found up-to-date module file ../../../Engine/Plugins/Developer/UObjectPlugin/Binaries/Win64/UE4Editor-UObjectPlugin.dll (API version 0).
LogModuleManager: Display: Found up-to-date module file ../../../Engine/Plugins/Developer/VisualStudioCodeSourceCodeAccess/Binaries/Win64/UE4Editor-VisualStudioCodeSourceCodeAccess.dll (API version 0).
LogModuleManager: Display: Found up-to-date module file ../../../Engine/Plugins/Developer/VisualStudioSourceCodeAccess/Binaries/Win64/UE4Editor-VisualStudioSourceCodeAccess.dll (API version 0).
LogModuleManager: Display: Found up-to-date module file ../../../Engine/Plugins/Editor/AssetManagerEditor/Binaries/Win64/UE4Editor-AssetManagerEditor.dll (API version 0).
LogModuleManager: Display: Found up-to-date module file ../../../Engine/Plugins/Editor/CryptoKeys/Binaries/Win64/UE4Editor-CryptoKeys.dll (API version 0).
LogModuleManager: Display: Found up-to-date module file ../../../Engine/Plugins/Editor/CryptoKeys/Binaries/Win64/UE4Editor-CryptoKeysOpenSSL.dll (API version 0).
LogModuleManager: Display: Found up-to-date module file ../../../Engine/Plugins/Editor/DataValidation/Binaries/Win64/UE4Editor-DataValidation.dll (API version 0).
LogModuleManager: Display: Found up-to-date module file ../../../Engine/Plugins/Editor/FacialAnimation/Binaries/Win64/UE4Editor-FacialAnimation.dll (API version 0).
LogModuleManager: Display: Found up-to-date module file ../../../Engine/Plugins/Editor/FacialAnimation/Binaries/Win64/UE4Editor-FacialAnimationEditor.dll (API version 0).
LogModuleManager: Display: Found up-to-date module file ../../../Engine/Plugins/Editor/GameplayTagsEditor/Binaries/Win64/UE4Editor-GameplayTagsEditor.dll (API version 0).
LogModuleManager: Display: Found up-to-date module file ../../../Engine/Plugins/Editor/MobileLauncherProfileWizard/Binaries/Win64/UE4Editor-MobileLauncherProfileWizard.dll (API version 0).
LogModuleManager: Display: Found up-to-date module file ../../../Engine/Plugins/Editor/PluginBrowser/Binaries/Win64/UE4Editor-PluginBrowser.dll (API version 0).
LogModuleManager: Display: Found up-to-date module file ../../../Engine/Plugins/Editor/SpeedTreeImporter/Binaries/Win64/UE4Editor-SpeedTreeImporter.dll (API version 0).
LogModuleManager: Display: Found up-to-date module file ../../../Engine/Plugins/Enterprise/DatasmithContent/Binaries/Win64/UE4Editor-DatasmithContent.dll (API version 0).
LogModuleManager: Display: Found up-to-date module file ../../../Engine/Plugins/Experimental/AlembicImporter/Binaries/Win64/UE4Editor-AlembicImporter.dll (API version 0).
LogModuleManager: Display: Found up-to-date module file ../../../Engine/Plugins/Experimental/AlembicImporter/Binaries/Win64/UE4Editor-AlembicLibrary.dll (API version 0).
LogModuleManager: Display: Found up-to-date module file ../../../Engine/Plugins/Experimental/CharacterAI/Binaries/Win64/UE4Editor-CharacterAI.dll (API version 0).
LogModuleManager: Display: Found up-to-date module file ../../../Engine/Plugins/Experimental/HTML5Networking/Binaries/Win64/UE4Editor-HTML5Networking.dll (API version 0).
LogModuleManager: Display: Found up-to-date module file ../../../Engine/Plugins/GameWorks/Flex/Binaries/Win64/UE4Editor-Flex.dll (API version 0).
LogModuleManager: Display: Found up-to-date module file ../../../Engine/Plugins/GameWorks/Flex/Binaries/Win64/UE4Editor-FlexEditor.dll (API version 0).
LogModuleManager: Display: Found up-to-date module file ../../../Engine/Plugins/Media/AndroidMedia/Binaries/Win64/UE4Editor-AndroidMediaEditor.dll (API version 0).
LogModuleManager: Display: Found up-to-date module file ../../../Engine/Plugins/Media/AndroidMedia/Binaries/Win64/UE4Editor-AndroidMediaFactory.dll (API version 0).
LogModuleManager: Display: Found up-to-date module file ../../../Engine/Plugins/Media/AvfMedia/Binaries/Win64/UE4Editor-AvfMediaEditor.dll (API version 0).
LogModuleManager: Display: Found up-to-date module file ../../../Engine/Plugins/Media/AvfMedia/Binaries/Win64/UE4Editor-AvfMediaFactory.dll (API version 0).
LogModuleManager: Display: Found up-to-date module file ../../../Engine/Plugins/Media/AvfMedia/Binaries/Win64/UE4Editor-AvfMediaFactory.dll (API version 0).
LogModuleManager: Display: Found up-to-date module file ../../../Engine/Plugins/Media/ImgMedia/Binaries/Win64/UE4Editor-ImgMedia.dll (API version 0).
LogModuleManager: Display: Found up-to-date module file ../../../Engine/Plugins/Media/ImgMedia/Binaries/Win64/UE4Editor-ImgMediaEditor.dll (API version 0).
LogModuleManager: Display: Found up-to-date module file ../../../Engine/Plugins/Media/ImgMedia/Binaries/Win64/UE4Editor-ImgMediaFactory.dll (API version 0).
LogModuleManager: Display: Found up-to-date module file ../../../Engine/Plugins/Media/ImgMedia/Binaries/Win64/UE4Editor-ImgMediaFactory.dll (API version 0).
LogModuleManager: Display: Found up-to-date module file ../../../Engine/Plugins/Media/ImgMedia/Binaries/Win64/UE4Editor-OpenExrWrapper.dll (API version 0).
LogModuleManager: Display: Found up-to-date module file ../../../Engine/Plugins/Media/LinearTimecode/Binaries/Win64/UE4Editor-LinearTimecode.dll (API version 0).
LogModuleManager: Display: Found up-to-date module file ../../../Engine/Plugins/Media/MediaCompositing/Binaries/Win64/UE4Editor-MediaCompositing.dll (API version 0).
LogModuleManager: Display: Found up-to-date module file ../../../Engine/Plugins/Media/MediaCompositing/Binaries/Win64/UE4Editor-MediaCompositingEditor.dll (API version 0).
LogModuleManager: Display: Found up-to-date module file ../../../Engine/Plugins/Media/MediaPlayerEditor/Binaries/Win64/UE4Editor-MediaPlayerEditor.dll (API version 0).
LogModuleManager: Display: Found up-to-date module file ../../../Engine/Plugins/Media/WmfMedia/Binaries/Win64/UE4Editor-WmfMedia.dll (API version 0).
LogModuleManager: Display: Found up-to-date module file ../../../Engine/Plugins/Media/WmfMedia/Binaries/Win64/UE4Editor-WmfMediaEditor.dll (API version 0).
LogModuleManager: Display: Found up-to-date module file ../../../Engine/Plugins/Media/WmfMedia/Binaries/Win64/UE4Editor-WmfMediaFactory.dll (API version 0).
LogModuleManager: Display: Found up-to-date module file ../../../Engine/Plugins/Media/WmfMedia/Binaries/Win64/UE4Editor-WmfMediaFactory.dll (API version 0).
LogModuleManager: Display: Found up-to-date module file ../../../Engine/Plugins/Messaging/TcpMessaging/Binaries/Win64/UE4Editor-TcpMessaging.dll (API version 0).
LogModuleManager: Display: Found up-to-date module file ../../../Engine/Plugins/Messaging/UdpMessaging/Binaries/Win64/UE4Editor-UdpMessaging.dll (API version 0).
LogModuleManager: Display: Found up-to-date module file ../../../Engine/Plugins/MovieScene/ActorSequence/Binaries/Win64/UE4Editor-ActorSequence.dll (API version 0).
LogModuleManager: Display: Found up-to-date module file ../../../Engine/Plugins/MovieScene/LevelSequenceEditor/Binaries/Win64/UE4Editor-LevelSequenceEditor.dll (API version 0).
LogModuleManager: Display: Found up-to-date module file ../../../Engine/Plugins/MovieScene/MatineeToLevelSequence/Binaries/Win64/UE4Editor-MatineeToLevelSequence.dll (API version 0).
LogModuleManager: Display: Found up-to-date module file ../../../Engine/Plugins/NetcodeUnitTest/NetcodeUnitTest/Binaries/Win64/UE4Editor-NetcodeUnitTest.dll (API version 0).
LogModuleManager: Display: Found up-to-date module file ../../../Engine/Plugins/NetcodeUnitTest/NUTUnrealEngine4/Binaries/Win64/UE4Editor-NUTUnrealEngine4.dll (API version 0).
LogModuleManager: Display: Found up-to-date module file ../../../Engine/Plugins/Online/OnlineSubsystem/Binaries/Win64/UE4Editor-OnlineSubsystem.dll (API version 0).
LogModuleManager: Display: Found up-to-date module file ../../../Engine/Plugins/Online/OnlineSubsystemNull/Binaries/Win64/UE4Editor-OnlineSubsystemNull.dll (API version 0).
LogModuleManager: Display: Found up-to-date module file ../../../Engine/Plugins/Online/OnlineSubsystemUtils/Binaries/Win64/UE4Editor-OnlineSubsystemUtils.dll (API version 0).
LogModuleManager: Display: Found up-to-date module file ../../../Engine/Plugins/Online/OnlineSubsystemUtils/Binaries/Win64/UE4Editor-OnlineBlueprintSupport.dll (API version 0).
LogModuleManager: Display: Found up-to-date module file ../../../Engine/Plugins/Runtime/AndroidDeviceProfileSelector/Binaries/Win64/UE4Editor-AndroidDeviceProfileSelector.dll (API version 0).
LogModuleManager: Display: Found up-to-date module file ../../../Engine/Plugins/Runtime/AndroidPermission/Binaries/Win64/UE4Editor-AndroidPermission.dll (API version 0).
LogModuleManager: Display: Found up-to-date module file ../../../Engine/Plugins/Runtime/AppleARKit/Binaries/Win64/UE4Editor-AppleARKit.dll (API version 0).
LogModuleManager: Display: Found up-to-date module file ../../../Engine/Plugins/Runtime/ArchVisCharacter/Binaries/Win64/UE4Editor-ArchVisCharacter.dll (API version 0).
LogModuleManager: Display: Found up-to-date module file ../../../Engine/Plugins/Runtime/AudioCapture/Binaries/Win64/UE4Editor-AudioCapture.dll (API version 0).
LogModuleManager: Display: Found up-to-date module file ../../../Engine/Plugins/Runtime/AudioCapture/Binaries/Win64/UE4Editor-AudioCaptureEditor.dll (API version 0).
LogModuleManager: Display: Found up-to-date module file ../../../Engine/Plugins/Runtime/CableComponent/Binaries/Win64/UE4Editor-CableComponent.dll (API version 0).
LogModuleManager: Display: Found up-to-date module file ../../../Engine/Plugins/Runtime/CustomMeshComponent/Binaries/Win64/UE4Editor-CustomMeshComponent.dll (API version 0).
LogModuleManager: Display: Found up-to-date module file ../../../Engine/Plugins/Runtime/ExampleDeviceProfileSelector/Binaries/Win64/UE4Editor-ExampleDeviceProfileSelector.dll (API version 0).
LogModuleManager: Display: Found up-to-date module file ../../../Engine/Plugins/Runtime/ImmediatePhysics/Binaries/Win64/UE4Editor-ImmediatePhysics.dll (API version 0).
LogModuleManager: Display: Found up-to-date module file ../../../Engine/Plugins/Runtime/ImmediatePhysics/Binaries/Win64/UE4Editor-ImmediatePhysicsEditor.dll (API version 0).
LogModuleManager: Display: Found up-to-date module file ../../../Engine/Plugins/Runtime/LocationServicesBPLibrary/Binaries/Win64/UE4Editor-LocationServicesBPLibrary.dll (API version 0).
LogModuleManager: Display: Found up-to-date module file ../../../Engine/Plugins/Runtime/MobilePatchingUtils/Binaries/Win64/UE4Editor-MobilePatchingUtils.dll (API version 0).
LogModuleManager: Display: Found up-to-date module file ../../../Engine/Plugins/Runtime/Oculus/OculusVR/Binaries/Win64/UE4Editor-OculusHMD.dll (API version 0).
LogModuleManager: Display: Found up-to-date module file ../../../Engine/Plugins/Runtime/Oculus/OculusVR/Binaries/Win64/UE4Editor-OculusInput.dll (API version 0).
LogModuleManager: Display: Found up-to-date module file ../../../Engine/Plugins/Runtime/Oculus/OculusVR/Binaries/Win64/UE4Editor-OculusEditor.dll (API version 0).
LogModuleManager: Display: Found up-to-date module file ../../../Engine/Plugins/Runtime/PhysXVehicles/Binaries/Win64/UE4Editor-PhysXVehicles.dll (API version 0).
LogModuleManager: Display: Found up-to-date module file ../../../Engine/Plugins/Runtime/PhysXVehicles/Binaries/Win64/UE4Editor-PhysXVehiclesEditor.dll (API version 0).
LogModuleManager: Display: Found up-to-date module file ../../../Engine/Plugins/Runtime/ProceduralMeshComponent/Binaries/Win64/UE4Editor-ProceduralMeshComponent.dll (API version 0).
LogModuleManager: Display: Found up-to-date module file ../../../Engine/Plugins/Runtime/ProceduralMeshComponent/Binaries/Win64/UE4Editor-ProceduralMeshComponentEditor.dll (API version 0).
LogModuleManager: Display: Found up-to-date module file ../../../Engine/Plugins/Runtime/RuntimePhysXCooking/Binaries/Win64/UE4Editor-RuntimePhysXCooking.dll (API version 0).
LogModuleManager: Display: Found up-to-date module file ../../../Engine/Plugins/Runtime/Steam/SteamVR/Binaries/Win64/UE4Editor-SteamVR.dll (API version 0).
LogModuleManager: Display: Found up-to-date module file ../../../Engine/Plugins/Runtime/Steam/SteamVR/Binaries/Win64/UE4Editor-SteamVRController.dll (API version 0).
LogModuleManager: Display: Found up-to-date module file ../../../Engine/Plugins/Runtime/WindowsMoviePlayer/Binaries/Win64/UE4Editor-WindowsMoviePlayer.dll (API version 0).
LogInit: Using libcurl 7.47.1
LogInit:  - built for x86_64-pc-win32
LogInit:  - supports SSL with OpenSSL/1.0.2g
LogInit:  - supports HTTP deflate (compression) using libz 1.2.8
LogInit:  - other features:
LogInit:      CURL_VERSION_SSL
LogInit:      CURL_VERSION_LIBZ
LogInit:      CURL_VERSION_IPV6
LogInit:      CURL_VERSION_ASYNCHDNS
LogInit:      CURL_VERSION_LARGEFILE
LogInit:      CURL_VERSION_IDN
LogInit:  CurlRequestOptions (configurable via config and command line):
LogInit:  - bVerifyPeer = false  - Libcurl will NOT verify peer certificate
LogInit:  - bUseHttpProxy = false  - Libcurl will NOT use HTTP proxy
LogInit:  - bDontReuseConnections = false  - Libcurl will reuse connections
LogInit:  - CertBundlePath = nullptr  - Libcurl will use whatever was configured at build time.
LogInit:  - MaxHostConnections = 16  - Libcurl will limit the number of connections to a host
LogInit:  - LocalHostAddr = Default
LogInit: WinSock: version 1.1 (2.2), MaxSocks=32767, MaxUdp=65467
LogInit: WinSock: I am Nic-Workstation (10.0.0.215:0)
LogInit: Build: ++UE4+Release-4.19-CL-0
LogInit: Engine Version: 4.19.2-0+++UE4+Release-4.19
LogInit: Compatible Engine Version: 4.19.0-0+++UE4+Release-4.19
LogInit: Net CL: 0
LogDevObjectVersion: Number of dev versions registered: 18
LogDevObjectVersion:   Dev-Blueprints (B0D832E4-1F89-4F0D-ACCF-7EB736FD4AA2): 10
LogDevObjectVersion:   Dev-Build (E1C64328-A22C-4D53-A36C-8E866417BD8C): 0
LogDevObjectVersion:   Dev-Core (375EC13C-06E4-48FB-B500-84F0262A717E): 2
LogDevObjectVersion:   Dev-Editor (E4B068ED-F494-42E9-A231-DA0B2E46BB41): 23
LogDevObjectVersion:   Dev-Framework (CFFC743F-43B0-4480-9391-14DF171D2073): 33
LogDevObjectVersion:   Dev-Mobile (B02B49B5-BB20-44E9-A304-32B752E40360): 2
LogDevObjectVersion:   Dev-Networking (A4E4105C-59A1-49B5-A7C5-40C4547EDFEE): 0
LogDevObjectVersion:   Dev-Online (39C831C9-5AE6-47DC-9A44-9C173E1C8E7C): 0
LogDevObjectVersion:   Dev-Physics (78F01B33-EBEA-4F98-B9B4-84EACCB95AA2): 0
LogDevObjectVersion:   Dev-Platform (6631380F-2D4D-43E0-8009-CF276956A95A): 0
LogDevObjectVersion:   Dev-Rendering (12F88B9F-8875-4AFC-A67C-D90C383ABD29): 25
LogDevObjectVersion:   Dev-Sequencer (7B5AE74C-D270-4C10-A958-57980B212A5A): 6
LogDevObjectVersion:   Dev-VR (D7296918-1DD6-4BDD-9DE2-64A83CC13884): 1
LogDevObjectVersion:   Dev-LoadTimes (C2A15278-BFE7-4AFE-6C17-90FF531DF755): 1
LogDevObjectVersion:   Private-Geometry (6EACA3D4-40EC-4CC1-B786-8BED09428FC5): 2
LogDevObjectVersion:   Dev-AnimPhys (29E575DD-E0A3-4627-9D10-D276232CDCEA): 16
LogDevObjectVersion:   Dev-ReflectionCapture (6B266CEC-1EC7-4B8F-A30B-E4D90942FC07): 1
LogDevObjectVersion:   Dev-Automation (0DF73D61-A23F-47EA-B727-89E90C41499A): 1
LogInit: Compiled (64-bit): Mar 10 2019 16:31:01
LogInit: Compiled with Visual C++: 19.00.24234.01
LogInit: Build Configuration: Development
LogInit: Branch Name: ++UE4+Release-4.19
LogInit: Command Line:  
LogInit: Base Directory: C:/Program Files/Epic Games/UnrealEngine-FleX-4.19.2/Engine/Binaries/Win64/
LogInit: Installed Engine Build: 0
LogStreaming: Display: Took  0.014s to delete old logs.
LogInit: Presizing for max 8388607 objects, including 0 objects not considered by GC, pre-allocating 0 bytes for permanent pool.
LogInit: Object subsystem initialized
[2019.03.16-20.55.29:299][  0]LogInit: Selected Device Profile: [Windows]
[2019.03.16-20.55.29:299][  0]LogInit: Applying CVar settings loaded from the selected device profile: [Windows]
[2019.03.16-20.55.29:314][  0]LogInit: Computer: NIC-WORKSTATION
[2019.03.16-20.55.29:314][  0]LogInit: User: Dominic
[2019.03.16-20.55.29:314][  0]LogInit: CPU Page size=4096, Cores=8
[2019.03.16-20.55.29:314][  0]LogInit: High frequency timer resolution =3.320312 MHz
[2019.03.16-20.55.29:314][  0]LogMemory: Memory total: Physical=32.0GB (32GB approx)
[2019.03.16-20.55.29:314][  0]LogMemory: Platform Memory Stats for Windows
[2019.03.16-20.55.29:314][  0]LogMemory: Process Physical Memory: 277.33 MB used, 277.33 MB peak
[2019.03.16-20.55.29:314][  0]LogMemory: Process Virtual Memory: 273.68 MB used, 273.68 MB peak
[2019.03.16-20.55.29:314][  0]LogMemory: Physical Memory: 8290.89 MB used,  24429.37 MB free, 32720.26 MB total
[2019.03.16-20.55.29:314][  0]LogMemory: Virtual Memory: 4829.27 MB used,  24429.37 MB free, 134217728.00 MB total
[2019.03.16-20.55.29:341][  0]LogInit: Using OS detected language (en-US).
[2019.03.16-20.55.29:341][  0]LogInit: Using OS detected locale (en-US).
[2019.03.16-20.55.29:344][  0]LogTextLocalizationManager: No specific localization for 'en-US' exists, so the 'en' localization will be used.
[2019.03.16-20.55.29:864][  0]LogStreaming: Display: Took  0.524s to EndInitTextLocalization.
[2019.03.16-20.55.29:864][  0]LogInit: Setting process to per monitor DPI aware
[2019.03.16-20.55.29:922][  0]LogSlate: New Slate User Created.  User Index 0, Is Virtual User: 0
[2019.03.16-20.55.29:922][  0]LogSlate: Slate User Registered.  User Index 0, Is Virtual User: 0
[2019.03.16-20.55.30:147][  0]LogD3D11RHI: D3D11 adapters:
[2019.03.16-20.55.30:210][  0]LogD3D11RHI:    0. 'NVIDIA GeForce GTX 780 Ti' (Feature Level 11_0)
[2019.03.16-20.55.30:211][  0]LogD3D11RHI:       3029/0/16360 MB DedicatedVideo/DedicatedSystem/SharedSystem, Outputs:2, VendorId:0x10de
[2019.03.16-20.55.30:213][  0]LogD3D11RHI:    1. 'Microsoft Basic Render Driver' (Feature Level 11_0)
[2019.03.16-20.55.30:213][  0]LogD3D11RHI:       0/0/16360 MB DedicatedVideo/DedicatedSystem/SharedSystem, Outputs:0, VendorId:0x1414
[2019.03.16-20.55.30:213][  0]LogD3D11RHI: Chosen D3D11 Adapter: 0
[2019.03.16-20.55.30:225][  0]LogD3D11RHI: Creating new Direct3DDevice
[2019.03.16-20.55.30:225][  0]LogD3D11RHI:     GPU DeviceId: 0x100a (for the marketing name, search the web for "GPU Device Id")
[2019.03.16-20.55.30:225][  0]LogWindows: EnumDisplayDevices:
[2019.03.16-20.55.30:225][  0]LogWindows:    0. 'NVIDIA GeForce GTX 780 Ti' (P:0 D:1)
[2019.03.16-20.55.30:226][  0]LogWindows:    1. 'NVIDIA GeForce GTX 780 Ti' (P:1 D:1)
[2019.03.16-20.55.30:226][  0]LogWindows:    2. 'NVIDIA GeForce GTX 780 Ti' (P:0 D:0)
[2019.03.16-20.55.30:226][  0]LogWindows:    3. 'NVIDIA GeForce GTX 780 Ti' (P:0 D:0)
[2019.03.16-20.55.30:226][  0]LogWindows: DebugString: GetVideoDriverDetailsInvalid PrimaryIsNotTheChoosenAdapter GetVideoDriverDetailsInvalid PrimaryIsNotTheChoosenAdapter GetVideoDriverDetailsInvalid PrimaryIsNotTheChoosenAdapter GetVideoDriverDetailsInvalid PrimaryIsNotTheChoosenAdapter FoundDriverCount:0 
[2019.03.16-20.55.30:226][  0]LogD3D11RHI:     Adapter Name: NVIDIA GeForce GTX 780 Ti
[2019.03.16-20.55.30:226][  0]LogD3D11RHI:   Driver Version: Unknown (internal:Unknown, unified:Unknown)
[2019.03.16-20.55.30:226][  0]LogD3D11RHI:      Driver Date: Unknown
[2019.03.16-20.55.30:226][  0]LogRHI: Texture pool is 2120 MB (70% of 3029 MB)
[2019.03.16-20.55.30:270][  0]LogD3D11RHI: [Aftermath] Aftermath enabled and primed
[2019.03.16-20.55.30:270][  0]LogD3D11RHI: [Aftermath] Aftermath enabled and primed
[2019.03.16-20.55.30:270][  0]LogD3D11RHI: Async texture creation enabled
[2019.03.16-20.55.30:289][  0]LogD3D11RHI: GPU Timing Frequency: 1000.000000 (Debug: 2 2)
[2019.03.16-20.55.30:417][  0]LogFlex: Display: Initialized Flex with GPU: NVIDIA GeForce GTX 780 Ti
[2019.03.16-20.55.30:418][  0]LogShaderCompilers: Guid format shader working directory is -38 characters bigger than the processId version (E:/Deckard/Game Development/BoofStudios/CoreSystem/BoofStudios_BaseSystem/Boof_Core/Intermediate/Shaders/WorkingDirectory/23232/).
[2019.03.16-20.55.30:418][  0]LogShaderCompilers: Cleaned the shader compiler working directory 'C:/Users/mesht/AppData/Local/Temp/UnrealShaderWorkingDir/79F020D8449BCBEFA9D7559CF8BEB51D/'.
[2019.03.16-20.55.30:689][  0]LogTemp: Display: Loaded TP AllDesktopTargetPlatform
[2019.03.16-20.55.30:706][  0]LogTemp: Display: Loaded TP MacClientTargetPlatform
[2019.03.16-20.55.30:724][  0]LogTemp: Display: Loaded TP MacNoEditorTargetPlatform
[2019.03.16-20.55.30:741][  0]LogTemp: Display: Loaded TP MacServerTargetPlatform
[2019.03.16-20.55.30:758][  0]LogTemp: Display: Loaded TP MacTargetPlatform
[2019.03.16-20.55.30:775][  0]LogTemp: Display: Loaded TP WindowsClientTargetPlatform
[2019.03.16-20.55.30:795][  0]LogTemp: Display: Loaded TP WindowsNoEditorTargetPlatform
[2019.03.16-20.55.30:812][  0]LogTemp: Display: Loaded TP WindowsServerTargetPlatform
[2019.03.16-20.55.30:823][  0]LogTemp: Display: Loaded TP WindowsTargetPlatform
[2019.03.16-20.55.30:835][  0]LogTemp: Display: Loaded TP Android_ASTCTargetPlatform
[2019.03.16-20.55.30:849][  0]LogTemp: Display: Loaded TP Android_ATCTargetPlatform
[2019.03.16-20.55.30:862][  0]LogTemp: Display: Loaded TP Android_DXTTargetPlatform
[2019.03.16-20.55.30:876][  0]LogTemp: Display: Loaded TP Android_ETC1aTargetPlatform
[2019.03.16-20.55.30:891][  0]LogTemp: Display: Loaded TP Android_ETC1TargetPlatform
[2019.03.16-20.55.30:904][  0]LogTemp: Display: Loaded TP Android_ETC2TargetPlatform
[2019.03.16-20.55.30:931][  0]LogTemp: Display: Loaded TP Android_MultiTargetPlatform
[2019.03.16-20.55.30:931][  0]LogTemp: Display: Loaded TP Android_PVRTCTargetPlatform
[2019.03.16-20.55.30:944][  0]LogTemp: Display: Loaded TP AndroidTargetPlatform
[2019.03.16-20.55.30:946][  0]LogTemp: Display: Loaded TP HTML5TargetPlatform
[2019.03.16-20.55.30:987][  0]LogTemp: Display: Loaded TP IOSTargetPlatform
[2019.03.16-20.55.31:005][  0]LogTemp: Display: Loaded TP TVOSTargetPlatform
[2019.03.16-20.55.31:005][  0]LogTargetPlatformManager: Display: Building Assets For Windows
[2019.03.16-20.55.31:219][  0]LogXGEController: Cleaning working directory: C:/Users/mesht/AppData/Local/Temp/UnrealXGEWorkingDir/
[2019.03.16-20.55.31:219][  0]LogXGEController: Cannot use XGE Controller as Incredibuild is not installed on this machine.
[2019.03.16-20.55.31:220][  0]LogShaderCompilers: Cannot use XGE Shader Compiler as Incredibuild is not installed on this machine.
[2019.03.16-20.55.31:220][  0]LogShaderCompilers: Display: Using Local Shader Compiler.
[2019.03.16-20.55.31:976][  0]LogDerivedDataCache: Display: Max Cache Size: 512 MB
[2019.03.16-20.55.32:065][  0]LogDerivedDataCache: Loaded boot cache 0.09s 77MB E:/Deckard/Game Development/BoofStudios/CoreSystem/BoofStudios_BaseSystem/Boof_Core/DerivedDataCache/Boot.ddc.
[2019.03.16-20.55.32:065][  0]LogDerivedDataCache: Display: Loaded Boot cache: E:/Deckard/Game Development/BoofStudios/CoreSystem/BoofStudios_BaseSystem/Boof_Core/DerivedDataCache/Boot.ddc
[2019.03.16-20.55.32:065][  0]LogDerivedDataCache: FDerivedDataBackendGraph:  Pak pak cache file E:/Deckard/Game Development/BoofStudios/CoreSystem/BoofStudios_BaseSystem/Boof_Core/DerivedDataCache/DDC.ddp not found, will not use a pak cache.
[2019.03.16-20.55.32:065][  0]LogDerivedDataCache: Unable to find inner node Pak for hierarchical cache Hierarchy.
[2019.03.16-20.55.32:065][  0]LogDerivedDataCache: FDerivedDataBackendGraph:  EnginePak pak cache file ../../../Engine/DerivedDataCache/DDC.ddp not found, will not use a pak cache.
[2019.03.16-20.55.32:065][  0]LogDerivedDataCache: Unable to find inner node EnginePak for hierarchical cache Hierarchy.
[2019.03.16-20.55.32:078][  0]LogDerivedDataCache: Using Local data cache path ../../../Engine/DerivedDataCache: Writable
[2019.03.16-20.55.32:078][  0]LogDerivedDataCache: Shared data cache path not found in *engine.ini, will not use an Shared cache.
[2019.03.16-20.55.32:078][  0]LogDerivedDataCache: Unable to find inner node Shared for hierarchical cache Hierarchy.
[2019.03.16-20.55.32:094][  0]LogMaterial: Verifying Global Shaders for PCD3D_SM5
[2019.03.16-20.55.32:094][  0]LogSlate: Using Freetype 2.6.0
[2019.03.16-20.55.32:095][  0]LogSlate: SlateFontCache - WITH_FREETYPE: 1, WITH_HARFBUZZ: 1
[2019.03.16-20.55.32:095][  0]LogSlate: SlateFontCache - WITH_FREETYPE: 1, WITH_HARFBUZZ: 1
[2019.03.16-20.55.32:251][  0]LogAssetRegistry: FAssetRegistry took 0.0267 seconds to start up
[2019.03.16-20.55.32:621][  0]LogInit: Selected Device Profile: [Windows]
[2019.03.16-20.55.32:858][  0]LogMeshReduction: Using QuadricMeshReduction for automatic static mesh reduction
[2019.03.16-20.55.32:858][  0]LogMeshReduction: No automatic skeletal mesh reduction module available
[2019.03.16-20.55.32:858][  0]LogMeshReduction: No automatic mesh merging module available
[2019.03.16-20.55.32:858][  0]LogMeshReduction: No distributed automatic mesh merging module available
[2019.03.16-20.55.32:858][  0]LogMeshMerging: No automatic mesh merging module available
[2019.03.16-20.55.32:858][  0]LogMeshMerging: No distributed automatic mesh merging module available
[2019.03.16-20.55.32:910][  0]LogNetVersion: Boof_Core , NetCL: 0, EngineNetVer: 2, GameNetVer: 0 (Checksum: 2265089696)
[2019.03.16-20.55.33:480][  0]LogPackageLocalizationCache: Processed 9 localized package path(s) for 2 prioritized culture(s) in 0.098977 seconds
[2019.03.16-20.55.33:490][  0]LogUObjectArray: 36945 objects as part of root set at end of initial load.
[2019.03.16-20.55.33:490][  0]LogUObjectAllocator: 7383280 out of 0 bytes used by permanent object pool.
[2019.03.16-20.55.33:490][  0]LogUObjectArray: CloseDisregardForGC: 0/0 objects in disregard for GC pool
[2019.03.16-20.55.34:036][  0]LogStreaming: Warning: Failed to read file '../../../Engine/Content/Editor/Slate/Launcher/Mac/Platform_Mac_24x.png' error.
[2019.03.16-20.55.34:036][  0]LogSlate: Could not find file for Slate resource: ../../../Engine/Content/Editor/Slate/Launcher/Mac/Platform_Mac_24x.png
[2019.03.16-20.55.34:036][  0]LogStreaming: Warning: Failed to read file '../../../Engine/Content/Editor/Slate/Launcher/Mac/Platform_Mac_128x.png' error.
[2019.03.16-20.55.34:036][  0]LogSlate: Could not find file for Slate resource: ../../../Engine/Content/Editor/Slate/Launcher/Mac/Platform_Mac_128x.png
[2019.03.16-20.55.34:036][  0]LogStreaming: Warning: Failed to read file '../../../Engine/Content/Editor/Slate/Launcher/Mac/Platform_Mac_128x.png' error.
[2019.03.16-20.55.34:036][  0]LogSlate: Could not find file for Slate resource: ../../../Engine/Content/Editor/Slate/Launcher/Mac/Platform_Mac_128x.png
[2019.03.16-20.55.34:036][  0]LogStreaming: Warning: Failed to read file '../../../Engine/Content/Editor/Slate/Launcher/Mac/Platform_Mac_24x.png' error.
[2019.03.16-20.55.34:036][  0]LogSlate: Could not find file for Slate resource: ../../../Engine/Content/Editor/Slate/Launcher/Mac/Platform_Mac_24x.png
[2019.03.16-20.55.34:036][  0]LogStreaming: Warning: Failed to read file '../../../Engine/Content/Editor/Slate/Launcher/Mac/Platform_Mac_128x.png' error.
[2019.03.16-20.55.34:036][  0]LogSlate: Could not find file for Slate resource: ../../../Engine/Content/Editor/Slate/Launcher/Mac/Platform_Mac_128x.png
[2019.03.16-20.55.34:036][  0]LogStreaming: Warning: Failed to read file '../../../Engine/Content/Editor/Slate/Launcher/Mac/Platform_Mac_128x.png' error.
[2019.03.16-20.55.34:036][  0]LogSlate: Could not find file for Slate resource: ../../../Engine/Content/Editor/Slate/Launcher/Mac/Platform_Mac_128x.png
[2019.03.16-20.55.34:036][  0]LogStreaming: Warning: Failed to read file '../../../Engine/Content/Editor/Slate/Launcher/Mac/Platform_Mac_24x.png' error.
[2019.03.16-20.55.34:036][  0]LogSlate: Could not find file for Slate resource: ../../../Engine/Content/Editor/Slate/Launcher/Mac/Platform_Mac_24x.png
[2019.03.16-20.55.34:037][  0]LogStreaming: Warning: Failed to read file '../../../Engine/Content/Editor/Slate/Launcher/Mac/Platform_Mac_128x.png' error.
[2019.03.16-20.55.34:037][  0]LogSlate: Could not find file for Slate resource: ../../../Engine/Content/Editor/Slate/Launcher/Mac/Platform_Mac_128x.png
[2019.03.16-20.55.34:037][  0]LogStreaming: Warning: Failed to read file '../../../Engine/Content/Editor/Slate/Launcher/Mac/Platform_Mac_128x.png' error.
[2019.03.16-20.55.34:037][  0]LogSlate: Could not find file for Slate resource: ../../../Engine/Content/Editor/Slate/Launcher/Mac/Platform_Mac_128x.png
[2019.03.16-20.55.34:037][  0]LogStreaming: Warning: Failed to read file '../../../Engine/Content/Editor/Slate/Launcher/Mac/Platform_Mac_24x.png' error.
[2019.03.16-20.55.34:037][  0]LogSlate: Could not find file for Slate resource: ../../../Engine/Content/Editor/Slate/Launcher/Mac/Platform_Mac_24x.png
[2019.03.16-20.55.34:037][  0]LogStreaming: Warning: Failed to read file '../../../Engine/Content/Editor/Slate/Launcher/Mac/Platform_Mac_128x.png' error.
[2019.03.16-20.55.34:037][  0]LogSlate: Could not find file for Slate resource: ../../../Engine/Content/Editor/Slate/Launcher/Mac/Platform_Mac_128x.png
[2019.03.16-20.55.34:037][  0]LogStreaming: Warning: Failed to read file '../../../Engine/Content/Editor/Slate/Launcher/Mac/Platform_Mac_128x.png' error.
[2019.03.16-20.55.34:037][  0]LogSlate: Could not find file for Slate resource: ../../../Engine/Content/Editor/Slate/Launcher/Mac/Platform_Mac_128x.png
[2019.03.16-20.55.34:037][  0]LogStreaming: Warning: Failed to read file '../../../Engine/Content/Editor/Slate/Launcher/Linux/Platform_Linux_24x.png' error.
[2019.03.16-20.55.34:037][  0]LogSlate: Could not find file for Slate resource: ../../../Engine/Content/Editor/Slate/Launcher/Linux/Platform_Linux_24x.png
[2019.03.16-20.55.34:037][  0]LogStreaming: Warning: Failed to read file '../../../Engine/Content/Editor/Slate/Launcher/Linux/Platform_Linux_128x.png' error.
[2019.03.16-20.55.34:037][  0]LogSlate: Could not find file for Slate resource: ../../../Engine/Content/Editor/Slate/Launcher/Linux/Platform_Linux_128x.png
[2019.03.16-20.55.34:037][  0]LogStreaming: Warning: Failed to read file '../../../Engine/Content/Editor/Slate/Launcher/Linux/Platform_Linux_128x.png' error.
[2019.03.16-20.55.34:037][  0]LogSlate: Could not find file for Slate resource: ../../../Engine/Content/Editor/Slate/Launcher/Linux/Platform_Linux_128x.png
[2019.03.16-20.55.34:037][  0]LogStreaming: Warning: Failed to read file '../../../Engine/Content/Editor/Slate/Launcher/Linux/Platform_Linux_24x.png' error.
[2019.03.16-20.55.34:037][  0]LogSlate: Could not find file for Slate resource: ../../../Engine/Content/Editor/Slate/Launcher/Linux/Platform_Linux_24x.png
[2019.03.16-20.55.34:037][  0]LogStreaming: Warning: Failed to read file '../../../Engine/Content/Editor/Slate/Launcher/Linux/Platform_Linux_128x.png' error.
[2019.03.16-20.55.34:037][  0]LogSlate: Could not find file for Slate resource: ../../../Engine/Content/Editor/Slate/Launcher/Linux/Platform_Linux_128x.png
[2019.03.16-20.55.34:037][  0]LogStreaming: Warning: Failed to read file '../../../Engine/Content/Editor/Slate/Launcher/Linux/Platform_Linux_128x.png' error.
[2019.03.16-20.55.34:037][  0]LogSlate: Could not find file for Slate resource: ../../../Engine/Content/Editor/Slate/Launcher/Linux/Platform_Linux_128x.png
[2019.03.16-20.55.34:037][  0]LogStreaming: Warning: Failed to read file '../../../Engine/Content/Editor/Slate/Launcher/Linux/Platform_Linux_24x.png' error.
[2019.03.16-20.55.34:037][  0]LogSlate: Could not find file for Slate resource: ../../../Engine/Content/Editor/Slate/Launcher/Linux/Platform_Linux_24x.png
[2019.03.16-20.55.34:037][  0]LogStreaming: Warning: Failed to read file '../../../Engine/Content/Editor/Slate/Launcher/Linux/Platform_Linux_128x.png' error.
[2019.03.16-20.55.34:037][  0]LogSlate: Could not find file for Slate resource: ../../../Engine/Content/Editor/Slate/Launcher/Linux/Platform_Linux_128x.png
[2019.03.16-20.55.34:037][  0]LogStreaming: Warning: Failed to read file '../../../Engine/Content/Editor/Slate/Launcher/Linux/Platform_Linux_128x.png' error.
[2019.03.16-20.55.34:037][  0]LogSlate: Could not find file for Slate resource: ../../../Engine/Content/Editor/Slate/Launcher/Linux/Platform_Linux_128x.png
[2019.03.16-20.55.34:037][  0]LogStreaming: Warning: Failed to read file '../../../Engine/Content/Editor/Slate/Launcher/Linux/Platform_Linux_24x.png' error.
[2019.03.16-20.55.34:037][  0]LogSlate: Could not find file for Slate resource: ../../../Engine/Content/Editor/Slate/Launcher/Linux/Platform_Linux_24x.png
[2019.03.16-20.55.34:037][  0]LogStreaming: Warning: Failed to read file '../../../Engine/Content/Editor/Slate/Launcher/Linux/Platform_Linux_128x.png' error.
[2019.03.16-20.55.34:037][  0]LogSlate: Could not find file for Slate resource: ../../../Engine/Content/Editor/Slate/Launcher/Linux/Platform_Linux_128x.png
[2019.03.16-20.55.34:037][  0]LogStreaming: Warning: Failed to read file '../../../Engine/Content/Editor/Slate/Launcher/Linux/Platform_Linux_128x.png' error.
[2019.03.16-20.55.34:037][  0]LogSlate: Could not find file for Slate resource: ../../../Engine/Content/Editor/Slate/Launcher/Linux/Platform_Linux_128x.png
[2019.03.16-20.55.34:038][  0]LogStreaming: Warning: Failed to read file '../../../Engine/Content/Editor/Slate/Launcher/Android/Platform_Android_24x.png' error.
[2019.03.16-20.55.34:038][  0]LogSlate: Could not find file for Slate resource: ../../../Engine/Content/Editor/Slate/Launcher/Android/Platform_Android_24x.png
[2019.03.16-20.55.34:038][  0]LogStreaming: Warning: Failed to read file '../../../Engine/Content/Editor/Slate/Launcher/Android/Platform_Android_128x.png' error.
[2019.03.16-20.55.34:038][  0]LogSlate: Could not find file for Slate resource: ../../../Engine/Content/Editor/Slate/Launcher/Android/Platform_Android_128x.png
[2019.03.16-20.55.34:038][  0]LogStreaming: Warning: Failed to read file '../../../Engine/Content/Editor/Slate/Launcher/Android/Platform_Android_128x.png' error.
[2019.03.16-20.55.34:038][  0]LogSlate: Could not find file for Slate resource: ../../../Engine/Content/Editor/Slate/Launcher/Android/Platform_Android_128x.png
[2019.03.16-20.55.34:038][  0]LogStreaming: Warning: Failed to read file '../../../Engine/Content/Editor/Slate/Launcher/Android/Platform_Android_24x.png' error.
[2019.03.16-20.55.34:038][  0]LogSlate: Could not find file for Slate resource: ../../../Engine/Content/Editor/Slate/Launcher/Android/Platform_Android_24x.png
[2019.03.16-20.55.34:038][  0]LogStreaming: Warning: Failed to read file '../../../Engine/Content/Editor/Slate/Launcher/Android/Platform_Android_128x.png' error.
[2019.03.16-20.55.34:038][  0]LogSlate: Could not find file for Slate resource: ../../../Engine/Content/Editor/Slate/Launcher/Android/Platform_Android_128x.png
[2019.03.16-20.55.34:038][  0]LogStreaming: Warning: Failed to read file '../../../Engine/Content/Editor/Slate/Launcher/Android/Platform_Android_128x.png' error.
[2019.03.16-20.55.34:038][  0]LogSlate: Could not find file for Slate resource: ../../../Engine/Content/Editor/Slate/Launcher/Android/Platform_Android_128x.png
[2019.03.16-20.55.34:038][  0]LogStreaming: Warning: Failed to read file '../../../Engine/Content/Editor/Slate/Launcher/Android/Platform_Android_ATC_24x.png' error.
[2019.03.16-20.55.34:038][  0]LogSlate: Could not find file for Slate resource: ../../../Engine/Content/Editor/Slate/Launcher/Android/Platform_Android_ATC_24x.png
[2019.03.16-20.55.34:038][  0]LogStreaming: Warning: Failed to read file '../../../Engine/Content/Editor/Slate/Launcher/Android/Platform_Android_128x.png' error.
[2019.03.16-20.55.34:038][  0]LogSlate: Could not find file for Slate resource: ../../../Engine/Content/Editor/Slate/Launcher/Android/Platform_Android_128x.png
[2019.03.16-20.55.34:038][  0]LogStreaming: Warning: Failed to read file '../../../Engine/Content/Editor/Slate/Launcher/Android/Platform_Android_128x.png' error.
[2019.03.16-20.55.34:038][  0]LogSlate: Could not find file for Slate resource: ../../../Engine/Content/Editor/Slate/Launcher/Android/Platform_Android_128x.png
[2019.03.16-20.55.34:038][  0]LogStreaming: Warning: Failed to read file '../../../Engine/Content/Editor/Slate/Launcher/Android/Platform_Android_DXT_24x.png' error.
[2019.03.16-20.55.34:038][  0]LogSlate: Could not find file for Slate resource: ../../../Engine/Content/Editor/Slate/Launcher/Android/Platform_Android_DXT_24x.png
[2019.03.16-20.55.34:038][  0]LogStreaming: Warning: Failed to read file '../../../Engine/Content/Editor/Slate/Launcher/Android/Platform_Android_128x.png' error.
[2019.03.16-20.55.34:038][  0]LogSlate: Could not find file for Slate resource: ../../../Engine/Content/Editor/Slate/Launcher/Android/Platform_Android_128x.png
[2019.03.16-20.55.34:039][  0]LogStreaming: Warning: Failed to read file '../../../Engine/Content/Editor/Slate/Launcher/Android/Platform_Android_128x.png' error.
[2019.03.16-20.55.34:039][  0]LogSlate: Could not find file for Slate resource: ../../../Engine/Content/Editor/Slate/Launcher/Android/Platform_Android_128x.png
[2019.03.16-20.55.34:039][  0]LogStreaming: Warning: Failed to read file '../../../Engine/Content/Editor/Slate/Launcher/Android/Platform_Android_ETC1_24x.png' error.
[2019.03.16-20.55.34:039][  0]LogSlate: Could not find file for Slate resource: ../../../Engine/Content/Editor/Slate/Launcher/Android/Platform_Android_ETC1_24x.png
[2019.03.16-20.55.34:039][  0]LogStreaming: Warning: Failed to read file '../../../Engine/Content/Editor/Slate/Launcher/Android/Platform_Android_128x.png' error.
[2019.03.16-20.55.34:039][  0]LogSlate: Could not find file for Slate resource: ../../../Engine/Content/Editor/Slate/Launcher/Android/Platform_Android_128x.png
[2019.03.16-20.55.34:039][  0]LogStreaming: Warning: Failed to read file '../../../Engine/Content/Editor/Slate/Launcher/Android/Platform_Android_128x.png' error.
[2019.03.16-20.55.34:039][  0]LogSlate: Could not find file for Slate resource: ../../../Engine/Content/Editor/Slate/Launcher/Android/Platform_Android_128x.png
[2019.03.16-20.55.34:039][  0]LogStreaming: Warning: Failed to read file '../../../Engine/Content/Editor/Slate/Launcher/Android/Platform_Android_ETC2_24x.png' error.
[2019.03.16-20.55.34:039][  0]LogSlate: Could not find file for Slate resource: ../../../Engine/Content/Editor/Slate/Launcher/Android/Platform_Android_ETC2_24x.png
[2019.03.16-20.55.34:039][  0]LogStreaming: Warning: Failed to read file '../../../Engine/Content/Editor/Slate/Launcher/Android/Platform_Android_128x.png' error.
[2019.03.16-20.55.34:039][  0]LogSlate: Could not find file for Slate resource: ../../../Engine/Content/Editor/Slate/Launcher/Android/Platform_Android_128x.png
[2019.03.16-20.55.34:039][  0]LogStreaming: Warning: Failed to read file '../../../Engine/Content/Editor/Slate/Launcher/Android/Platform_Android_128x.png' error.
[2019.03.16-20.55.34:039][  0]LogSlate: Could not find file for Slate resource: ../../../Engine/Content/Editor/Slate/Launcher/Android/Platform_Android_128x.png
[2019.03.16-20.55.34:039][  0]LogStreaming: Warning: Failed to read file '../../../Engine/Content/Editor/Slate/Launcher/Android/Platform_Android_ETC2_24x.png' error.
[2019.03.16-20.55.34:039][  0]LogSlate: Could not find file for Slate resource: ../../../Engine/Content/Editor/Slate/Launcher/Android/Platform_Android_ETC2_24x.png
[2019.03.16-20.55.34:039][  0]LogStreaming: Warning: Failed to read file '../../../Engine/Content/Editor/Slate/Launcher/Android/Platform_Android_128x.png' error.
[2019.03.16-20.55.34:039][  0]LogSlate: Could not find file for Slate resource: ../../../Engine/Content/Editor/Slate/Launcher/Android/Platform_Android_128x.png
[2019.03.16-20.55.34:039][  0]LogStreaming: Warning: Failed to read file '../../../Engine/Content/Editor/Slate/Launcher/Android/Platform_Android_128x.png' error.
[2019.03.16-20.55.34:039][  0]LogSlate: Could not find file for Slate resource: ../../../Engine/Content/Editor/Slate/Launcher/Android/Platform_Android_128x.png
[2019.03.16-20.55.34:039][  0]LogStreaming: Warning: Failed to read file '../../../Engine/Content/Editor/Slate/Launcher/Android/Platform_Android_PVRTC_24x.png' error.
[2019.03.16-20.55.34:039][  0]LogSlate: Could not find file for Slate resource: ../../../Engine/Content/Editor/Slate/Launcher/Android/Platform_Android_PVRTC_24x.png
[2019.03.16-20.55.34:039][  0]LogStreaming: Warning: Failed to read file '../../../Engine/Content/Editor/Slate/Launcher/Android/Platform_Android_128x.png' error.
[2019.03.16-20.55.34:039][  0]LogSlate: Could not find file for Slate resource: ../../../Engine/Content/Editor/Slate/Launcher/Android/Platform_Android_128x.png
[2019.03.16-20.55.34:039][  0]LogStreaming: Warning: Failed to read file '../../../Engine/Content/Editor/Slate/Launcher/Android/Platform_Android_128x.png' error.
[2019.03.16-20.55.34:039][  0]LogSlate: Could not find file for Slate resource: ../../../Engine/Content/Editor/Slate/Launcher/Android/Platform_Android_128x.png
[2019.03.16-20.55.34:039][  0]LogStreaming: Warning: Failed to read file '../../../Engine/Content/Editor/Slate/Launcher/Android/Platform_Android_ASTC_24x.png' error.
[2019.03.16-20.55.34:039][  0]LogSlate: Could not find file for Slate resource: ../../../Engine/Content/Editor/Slate/Launcher/Android/Platform_Android_ASTC_24x.png
[2019.03.16-20.55.34:039][  0]LogStreaming: Warning: Failed to read file '../../../Engine/Content/Editor/Slate/Launcher/Android/Platform_Android_128x.png' error.
[2019.03.16-20.55.34:039][  0]LogSlate: Could not find file for Slate resource: ../../../Engine/Content/Editor/Slate/Launcher/Android/Platform_Android_128x.png
[2019.03.16-20.55.34:039][  0]LogStreaming: Warning: Failed to read file '../../../Engine/Content/Editor/Slate/Launcher/Android/Platform_Android_128x.png' error.
[2019.03.16-20.55.34:039][  0]LogSlate: Could not find file for Slate resource: ../../../Engine/Content/Editor/Slate/Launcher/Android/Platform_Android_128x.png
[2019.03.16-20.55.35:512][  0]LogTcpMessaging: Initializing TcpMessaging bridge
[2019.03.16-20.55.35:556][  0]LogUdpMessaging: Initializing bridge on interface 0.0.0.0:0 to multicast group 230.0.0.1:6666.
[2019.03.16-20.55.35:921][  0]LogUObjectGlobals: Warning: Class which was marked abstract was trying to be loaded.  It will be nulled out on save. Mesh MeshComponent
[2019.03.16-20.55.39:286][  0]LogStats: FPlatformStackWalk::StackWalkAndDump -  3.366 s
[2019.03.16-20.55.39:287][  0]LogOutputDevice: Error: === Handled ensure: ===
[2019.03.16-20.55.39:287][  0]LogOutputDevice: Error: 
[2019.03.16-20.55.39:287][  0]LogOutputDevice: Error: Ensure condition failed: false [File:C:\Program Files\Epic Games\UnrealEngine-FleX-4.19.2\Engine\Source\Runtime\CoreUObject\Private\UObject\UObjectGlobals.cpp] [Line: 2204]
[2019.03.16-20.55.39:287][  0]LogOutputDevice: Error: Class which was marked abstract was trying to be loaded.  It will be nulled out on save. Mesh MeshComponent
[2019.03.16-20.55.39:287][  0]LogOutputDevice: Error: Stack: 
[2019.03.16-20.55.39:287][  0]LogOutputDevice: Error: [Callstack] 0x000000002709CBC6 UE4Editor-Core.dll!FWindowsPlatformStackWalk::StackWalkAndDump() [c:\program files\epic games\unrealengine-flex-4.19.2\engine\source\runtime\core\private\windows\windowsplatformstackwalk.cpp:234]
[2019.03.16-20.55.39:287][  0]LogOutputDevice: Error: [Callstack] 0x0000000026E00E0A UE4Editor-Core.dll!FDebug::EnsureFailed() [c:\program files\epic games\unrealengine-flex-4.19.2\engine\source\runtime\core\private\misc\assertionmacros.cpp:299]
[2019.03.16-20.55.39:287][  0]LogOutputDevice: Error: [Callstack] 0x0000000026E11CF6 UE4Editor-Core.dll!FDebug::OptionallyLogFormattedEnsureMessageReturningFalse() [c:\program files\epic games\unrealengine-flex-4.19.2\engine\source\runtime\core\private\misc\assertionmacros.cpp:430]
[2019.03.16-20.55.39:287][  0]LogOutputDevice: Error: [Callstack] 0x000000003765E60B UE4Editor-CoreUObject.dll!StaticAllocateObjectErrorTests() [c:\program files\epic games\unrealengine-flex-4.19.2\engine\source\runtime\coreuobject\private\uobject\uobjectglobals.cpp:2204]
[2019.03.16-20.55.39:287][  0]LogOutputDevice: Error: [Callstack] 0x000000003765C766 UE4Editor-CoreUObject.dll!StaticAllocateObject() [c:\program files\epic games\unrealengine-flex-4.19.2\engine\source\runtime\coreuobject\private\uobject\uobjectglobals.cpp:2272]
[2019.03.16-20.55.39:287][  0]LogOutputDevice: Error: [Callstack] 0x000000003765F1A6 UE4Editor-CoreUObject.dll!StaticConstructObject_Internal() [c:\program files\epic games\unrealengine-flex-4.19.2\engine\source\runtime\coreuobject\private\uobject\uobjectglobals.cpp:3161]
[2019.03.16-20.55.39:287][  0]LogOutputDevice: Error: [Callstack] 0x000000003762AD8C UE4Editor-CoreUObject.dll!FObjectInitializer::CreateDefaultSubobject() [c:\program files\epic games\unrealengine-flex-4.19.2\engine\source\runtime\coreuobject\private\uobject\uobjectglobals.cpp:3769]
[2019.03.16-20.55.39:287][  0]LogOutputDevice: Error: [Callstack] 0x000000003756C6D7 UE4Editor-CoreUObject.dll!UObject::CreateDefaultSubobject() [c:\program files\epic games\unrealengine-flex-4.19.2\engine\source\runtime\coreuobject\private\uobject\obj.cpp:105]
[2019.03.16-20.55.39:287][  0]LogOutputDevice: Error: [Callstack] 0x00000000F94B2C2C UE4Editor-Boof_Core-7102.dll!ABoof_Player::ABoof_Player() [e:\deckard\game development\boofstudios\coresystem\boofstudios_basesystem\boof_core\source\boof_core\boof_player.cpp:24]
[2019.03.16-20.55.39:287][  0]LogOutputDevice: Error: [Callstack] 0x00000000373D5528 UE4Editor-CoreUObject.dll!UClass::CreateDefaultObject() [c:\program files\epic games\unrealengine-flex-4.19.2\engine\source\runtime\coreuobject\private\uobject\class.cpp:2749]
[2019.03.16-20.55.39:287][  0]LogOutputDevice: Error: [Callstack] 0x0000000037668010 UE4Editor-CoreUObject.dll!UObjectLoadAllCompiledInDefaultProperties() [c:\program files\epic games\unrealengine-flex-4.19.2\engine\source\runtime\coreuobject\private\uobject\uobjectbase.cpp:821]
[2019.03.16-20.55.39:287][  0]LogOutputDevice: Error: [Callstack] 0x000000003764B4A2 UE4Editor-CoreUObject.dll!ProcessNewlyLoadedUObjects() [c:\program files\epic games\unrealengine-flex-4.19.2\engine\source\runtime\coreuobject\private\uobject\uobjectbase.cpp:895]
[2019.03.16-20.55.39:287][  0]LogOutputDevice: Error: [Callstack] 0x00000000373DA827 UE4Editor-CoreUObject.dll!TBaseStaticDelegateInstance<void __cdecl(void)>::ExecuteIfSafe() [c:\program files\epic games\unrealengine-flex-4.19.2\engine\source\runtime\core\public\delegates\delegateinstancesimpl.h:788]
[2019.03.16-20.55.39:287][  0]LogOutputDevice: Error: [Callstack] 0x0000000026CA40D0 UE4Editor-Core.dll!TBaseMulticastDelegate<void>::Broadcast() [c:\program files\epic games\unrealengine-flex-4.19.2\engine\source\runtime\core\public\delegates\delegatesignatureimpl.inl:937]
[2019.03.16-20.55.39:287][  0]LogOutputDevice: Error: [Callstack] 0x0000000026EBB321 UE4Editor-Core.dll!FModuleManager::LoadModuleWithFailureReason() [c:\program files\epic games\unrealengine-flex-4.19.2\engine\source\runtime\core\private\modules\modulemanager.cpp:487]
[2019.03.16-20.55.39:287][  0]LogOutputDevice: Error: [Callstack] 0x000000003B8FFC7A UE4Editor-Projects.dll!FModuleDescriptor::LoadModulesForPhase() [c:\program files\epic games\unrealengine-flex-4.19.2\engine\source\runtime\projects\private\moduledescriptor.cpp:484]
[2019.03.16-20.55.39:287][  0]LogOutputDevice: Error: [Callstack] 0x000000003B8FFFC2 UE4Editor-Projects.dll!FProjectManager::LoadModulesForProject() [c:\program files\epic games\unrealengine-flex-4.19.2\engine\source\runtime\projects\private\projectmanager.cpp:69]
[2019.03.16-20.55.39:287][  0]LogOutputDevice: Error: [Callstack] 0x000000002E499731 UE4Editor.exe!FEngineLoop::LoadStartupModules() [c:\program files\epic games\unrealengine-flex-4.19.2\engine\source\runtime\launch\private\launchengineloop.cpp:2616]
[2019.03.16-20.55.39:287][  0]LogOutputDevice: Error: [Callstack] 0x000000002E49DD90 UE4Editor.exe!FEngineLoop::PreInit() [c:\program files\epic games\unrealengine-flex-4.19.2\engine\source\runtime\launch\private\launchengineloop.cpp:2033]
[2019.03.16-20.55.39:287][  0]LogOutputDevice: Error: [Callstack] 0x000000002E4969FA UE4Editor.exe!GuardedMain() [c:\program files\epic games\unrealengine-flex-4.19.2\engine\source\runtime\launch\private\launch.cpp:127]
[2019.03.16-20.55.39:287][  0]LogOutputDevice: Error: [Callstack] 0x000000002E496C4A UE4Editor.exe!GuardedMainWrapper() [c:\program files\epic games\unrealengine-flex-4.19.2\engine\source\runtime\launch\private\windows\launchwindows.cpp:144]
[2019.03.16-20.55.39:287][  0]LogOutputDevice: Error: [Callstack] 0x000000002E4A4187 UE4Editor.exe!WinMain() [c:\program files\epic games\unrealengine-flex-4.19.2\engine\source\runtime\launch\private\windows\launchwindows.cpp:223]
[2019.03.16-20.55.39:287][  0]LogOutputDevice: Error: [Callstack] 0x000000002E4A5B97 UE4Editor.exe!__scrt_common_main_seh() [f:\dd\vctools\crt\vcstartup\src\startup\exe_common.inl:253]
[2019.03.16-20.55.39:287][  0]LogOutputDevice: Error: [Callstack] 0x0000000051E43DC4 KERNEL32.DLL!UnknownFunction []
[2019.03.16-20.55.39:287][  0]LogOutputDevice: Error: [Callstack] 0x0000000053363691 ntdll.dll!UnknownFunction []
[2019.03.16-20.55.39:287][  0]LogOutputDevice: Error: 
[2019.03.16-20.55.39:297][  0]LogStats:                SubmitErrorReport -  0.000 s
[2019.03.16-20.55.39:599][  0]LogWindows: Warning: CreateProc failed: The system cannot find the file specified. (0x00000002)
[2019.03.16-20.55.39:599][  0]LogWindows: Warning: URL: ../../../Engine/Binaries/Win64/CrashReportClient.exe "E:/Deckard/Game Development/BoofStudios/CoreSystem/BoofStudios_BaseSystem/Boof_Core/Saved/Crashes/UE4CC-Windows-923F392343894620EFE75CA0170F8CB3_0000" -Unattended -AppName=UE4-Boof_Core -CrashGUID=UE4CC-Windows-923F392343894620EFE75CA0170F8CB3_0000 -DebugSymbols=..\..\..\Engine\Intermediate\Symbols
[2019.03.16-20.55.39:599][  0]LogStats:                    SendNewReport -  0.302 s
[2019.03.16-20.55.39:599][  0]LogStats:             FDebug::EnsureFailed -  3.678 s
[2019.03.16-20.55.39:830][  0]SourceControl: Source control is disabled
[2019.03.16-20.55.39:830][  0]SourceControl: Source control is disabled
[2019.03.16-20.55.39:861][  0]SourceControl: Source control is disabled
[2019.03.16-20.55.39:890][  0]SourceControl: Source control is disabled
[2019.03.16-20.55.40:693][  0]LogAndroidPermission: UAndroidPermissionCallbackProxy::GetInstance
[2019.03.16-20.55.40:992][  0]LogOcInput: OculusInput pre-init called
[2019.03.16-20.55.41:160][  0]LogEngine: Initializing Engine...
[2019.03.16-20.55.41:161][  0]LogHMD: Failed to initialize OpenVR with code 110
[2019.03.16-20.55.41:163][  0]LogStats: UGameplayTagsManager::ConstructGameplayTagTree: Construct from data asset -  0.000 s
[2019.03.16-20.55.41:163][  0]LogStats: UGameplayTagsManager::ConstructGameplayTagTree: GameplayTagTreeChangedEvent.Broadcast -  0.000 s
[2019.03.16-20.55.41:472][  0]LogAIModule: Creating AISystem for world Untitled
[2019.03.16-20.55.41:500][  0]LogInit: XAudio2 using 'Speakers (VB-Audio VoiceMeeter VAIO)' : 2 channels at 48 kHz using 24 bits per sample (channel mask 0x3)
[2019.03.16-20.55.41:509][  0]LogInit: FAudioDevice initialized.
[2019.03.16-20.55.41:652][  0]LogDerivedDataCache: Saved boot cache 0.14s 77MB E:/Deckard/Game Development/BoofStudios/CoreSystem/BoofStudios_BaseSystem/Boof_Core/DerivedDataCache/Boot.ddc.
[2019.03.16-20.55.41:679][  0]LogInit: Texture streaming: Enabled
[2019.03.16-20.55.41:714][  0]LogEngineSessionManager: EngineSessionManager initialized
[2019.03.16-20.55.41:741][  0]LogInit: Transaction tracking system initialized
[2019.03.16-20.55.41:795][  0]BlueprintLog: New page: Editor Load
[2019.03.16-20.55.41:948][  0]LocalizationService: Localization service is disabled
[2019.03.16-20.55.42:111][  0]LogConsoleResponse: Display: 
[2019.03.16-20.55.42:300][  0]LogCook: Display: Max memory allowance for cook 16384mb min free memory 0mb
[2019.03.16-20.55.42:300][  0]LogCook: Display: Mobile HDR setting 1
[2019.03.16-20.55.42:300][  0]LogGameplayTags: Display: UGameplayTagsManager::DoneAddingNativeTags. DelegateIsBound: 0
[2019.03.16-20.55.42:300][  0]LogStats: UGameplayTagsManager::ConstructGameplayTagTree: Construct from data asset -  0.000 s
[2019.03.16-20.55.42:300][  0]LogStats: UGameplayTagsManager::ConstructGameplayTagTree: GameplayTagTreeChangedEvent.Broadcast -  0.000 s
[2019.03.16-20.55.42:790][  0]LogFileCache: Scanning file cache for directory 'E:/Deckard/Game Development/BoofStudios/CoreSystem/BoofStudios_BaseSystem/Boof_Core/Content/' took 0.01s
[2019.03.16-20.55.42:971][  0]SourceControl: Source control is disabled
[2019.03.16-20.55.42:971][  0]Cmd: MAP LOAD FILE="E:/Deckard/Game Development/BoofStudios/CoreSystem/BoofStudios_BaseSystem/Boof_Core/Content/Levels/DevWorld.umap" TEMPLATE=0 SHOWPROGRESS=1 FEATURELEVEL=3
[2019.03.16-20.55.42:971][  0]LightingResults: New page: Lighting Build
[2019.03.16-20.55.42:978][  0]MapCheck: New page: Map Check
[2019.03.16-20.55.42:978][  0]LightingResults: New page: Lighting Build
[2019.03.16-20.55.43:210][  0]LogUObjectGlobals: Created PersistentFrame Addr=0x0000020a4b8c0640, Size=184, Default__TransportControls_C Function /Game/Widgets/TransportControls.TransportControls_C:ExecuteUbergraph_TransportControls
[2019.03.16-20.55.43:218][  0]LogUObjectGlobals: Destroyed PersistentFrame Addr=0x0000020a4b8c0640, Size=184
[2019.03.16-20.55.43:218][  0]LogUObjectGlobals: Created PersistentFrame Addr=0x0000020a4b8c0640, Size=184, Default__TransportControls_C Function /Engine/Transient.REINST_TransportControls_C_0:ExecuteUbergraph_TransportControls
[2019.03.16-20.55.43:228][  0]LogUObjectGlobals: Created PersistentFrame Addr=0x0000020a4cac9240, Size=184, Default__TransportControls_C Function /Game/Widgets/TransportControls.TransportControls_C:ExecuteUbergraph_TransportControls
[2019.03.16-20.55.43:233][  0]LogUObjectGlobals: Created PersistentFrame Addr=0x0000020a4751e368, Size=24, Default__DevWorld_C Function /Game/Levels/DevWorld.DevWorld_C:ExecuteUbergraph_DevWorld
[2019.03.16-20.55.43:235][  0]LogUObjectGlobals: Destroyed PersistentFrame Addr=0x0000020a4751e368, Size=24
[2019.03.16-20.55.43:235][  0]LogUObjectGlobals: Created PersistentFrame Addr=0x0000020a4751e368, Size=24, Default__DevWorld_C Function /Engine/Transient.REINST_DevWorld_C_6:ExecuteUbergraph_DevWorld
[2019.03.16-20.55.43:236][  0]LogUObjectGlobals: Created PersistentFrame Addr=0x0000020a4751d618, Size=24, Default__DevWorld_C Function /Game/Levels/DevWorld.DevWorld_C:ExecuteUbergraph_DevWorld
[2019.03.16-20.55.43:809][  0]LogSkeletalMesh: Skeletal Mesh found in DDC [132.629700ms] /Game/PornStars/WereBoi/Were_Anim_Test.Were_Anim_Test
[2019.03.16-20.55.44:015][  0]LogAIModule: Creating AISystem for world DevWorld
[2019.03.16-20.55.44:037][  0]LogEditorServer: Finished looking for orphan Actors (0.000 secs)
[2019.03.16-20.55.44:051][  0]LogUObjectGlobals: Destroyed PersistentFrame Addr=0x0000020a4b8c0640, Size=184
[2019.03.16-20.55.44:051][  0]LogUObjectGlobals: Destroyed PersistentFrame Addr=0x0000020a4751e368, Size=24
[2019.03.16-20.55.44:052][  0]Cmd: MAP CHECKDEP NOCLEARLOG
[2019.03.16-20.55.44:122][  0]MapCheck: Map check complete: 0 Error(s), 0 Warning(s), took 69.942ms to complete.
[2019.03.16-20.55.44:122][  0]LogFileHelpers: Loading map 'DevWorld' took 1.152
[2019.03.16-20.55.44:297][  0]LogCollectionManager: Loaded 0 collections in 0.004322 seconds
[2019.03.16-20.55.44:346][  0]LogFileCache: Scanning file cache for directory 'E:/Deckard/Game Development/BoofStudios/CoreSystem/BoofStudios_BaseSystem/Boof_Core/Saved/Collections/' took 0.01s
[2019.03.16-20.55.44:346][  0]LogFileCache: Scanning file cache for directory 'E:/Deckard/Game Development/BoofStudios/CoreSystem/BoofStudios_BaseSystem/Boof_Core/Content/Developers/Dominic/Collections/' took 0.01s
[2019.03.16-20.55.44:346][  0]LogFileCache: Scanning file cache for directory 'E:/Deckard/Game Development/BoofStudios/CoreSystem/BoofStudios_BaseSystem/Boof_Core/Content/Collections/' took 0.01s
[2019.03.16-20.55.44:346][  0]LogCollectionManager: Rebuilt the GUID cache for 0 collections in 0.000000 seconds
[2019.03.16-20.55.44:360][  0]LogContentBrowser: Native class hierarchy populated in 0.0137 seconds. Added 2482 classes and 564 folders.
[2019.03.16-20.55.44:374][  0]LogContentBrowser: Native class hierarchy updated for 'WidgetCarousel' in 0.0007 seconds. Added 0 classes and 0 folders.
[2019.03.16-20.55.44:443][  0]LogContentBrowser: Native class hierarchy updated for 'AddContentDialog' in 0.0006 seconds. Added 0 classes and 0 folders.
[2019.03.16-20.55.44:455][  0]LogContentBrowser: Native class hierarchy updated for 'SceneOutliner' in 0.0008 seconds. Added 1 classes and 2 folders.
[2019.03.16-20.55.44:483][  0]LogSlate: Took 0.000273 seconds to synchronously load lazily loaded font '../../../Engine/Content/Slate/Fonts/Roboto-Regular.ttf' (155K)
[2019.03.16-20.55.44:486][  0]LogSlate: Took 0.000368 seconds to synchronously load lazily loaded font '../../../Engine/Content/Slate/Fonts/Roboto-Bold.ttf' (160K)
[2019.03.16-20.55.44:493][  0]LogSlate: Took 0.000260 seconds to synchronously load lazily loaded font '../../../Engine/Content/Editor/Slate/Fonts/FontAwesome.ttf' (139K)
[2019.03.16-20.55.44:600][  0]LogRenderer: Reallocating scene render targets to support 1092x600 Format 10 NumSamples 1 (Frame:1).
[2019.03.16-20.55.44:754][  0]LogContentBrowser: Native class hierarchy updated for 'HierarchicalLODOutliner' in 0.0007 seconds. Added 0 classes and 0 folders.
[2019.03.16-20.55.44:754][  0]LogLoad: (Engine Initialization) Total time: 20.48 seconds
[2019.03.16-20.55.44:754][  0]LogLoad: (Engine Initialization) Total Blueprint compile time: 0.00 seconds
[2019.03.16-20.55.44:763][  0]LogWindowsTextInputMethodSystem: Display: IME system now deactivated.
[2019.03.16-20.55.44:785][  0]LogContentStreaming: Texture pool size now 1000 MB
[2019.03.16-20.55.44:818][  0]LogSlate: Took 0.000289 seconds to synchronously load lazily loaded font '../../../Engine/Content/Slate/Fonts/Roboto-Light.ttf' (167K)
[2019.03.16-20.55.44:836][  1]LogAssetRegistry: Asset discovery search completed in 12.6076 seconds
[2019.03.16-20.55.44:837][  1]LogFlexEditor: FFlexEditorModule::OnFilesLoaded() ProjectFilePath = 'E:/Deckard/Game Development/BoofStudios/CoreSystem/BoofStudios_BaseSystem/Boof_Core/Boof_Core.uproject'
[2019.03.16-20.55.44:838][  1]LogCollectionManager: Rebuilt the object cache for 0 collections in 0.000001 seconds (found 0 objects)
[2019.03.16-20.55.44:838][  1]LogCollectionManager: Fixed up redirectors for 0 collections in 0.000062 seconds (updated 0 objects)
[2019.03.16-20.55.48:092][280]LogSlate: FSceneViewport::OnFocusLost() reason 2
[2019.03.16-20.55.53:460][827]LogSlate: FSceneViewport::OnFocusLost() reason 2
[2019.03.16-20.55.55:493][827]LogSlate: Window 'Save Level As' being destroyed
[2019.03.16-20.55.56:341][916]LogSlate: FSceneViewport::OnFocusLost() reason 2
[2019.03.16-20.56.20:700][261]LogSlate: FSceneViewport::OnFocusLost() reason 2
[2019.03.16-20.56.59:314][885]LogSlate: Window 'Boof_Core - Unreal Editor' being destroyed
[2019.03.16-20.56.59:314][885]LogWindowsTextInputMethodSystem: Display: IME system now deactivated.
[2019.03.16-20.56.59:506][886]Cmd: QUIT_EDITOR
[2019.03.16-20.56.59:538][886]LogSlate: Slate User Destroyed.  User Index 0, Is Virtual User: 0
[2019.03.16-20.56.59:538][886]LogExit: Preparing to exit.
[2019.03.16-20.57.00:669][886]LogExit: Editor shut down
[2019.03.16-20.57.00:674][886]LogExit: Transaction tracking system shut down
[2019.03.16-20.57.00:675][886]LogUObjectGlobals: Destroyed PersistentFrame Addr=0x0000020a4cac9240, Size=184
[2019.03.16-20.57.00:676][886]LogUObjectGlobals: Destroyed PersistentFrame Addr=0x0000020a4751d618, Size=24
[2019.03.16-20.57.00:950][886]LogDirectoryWatcher: A directory notification for '../../../Engine/Content/' was aborted.
[2019.03.16-20.57.00:950][886]LogDirectoryWatcher: A directory notification for 'E:/Deckard/Game Development/BoofStudios/CoreSystem/BoofStudios_BaseSystem/Boof_Core/Content/' was aborted.
[2019.03.16-20.57.00:950][886]LogDirectoryWatcher: A directory notification for '../../Plugins/2D/Paper2D/Content/' was aborted.
[2019.03.16-20.57.00:951][886]LogDirectoryWatcher: A directory notification for '../../Plugins/Enterprise/DatasmithContent/Content/' was aborted.
[2019.03.16-20.57.00:951][886]LogDirectoryWatcher: A directory notification for '../../Plugins/Media/MediaCompositing/Content/' was aborted.
[2019.03.16-20.57.00:951][886]LogDirectoryWatcher: A directory notification for '../../Plugins/Runtime/AppleARKit/Content/' was aborted.
[2019.03.16-20.57.00:951][886]LogDirectoryWatcher: A directory notification for '../../Plugins/Runtime/Oculus/OculusVR/Content/' was aborted.
[2019.03.16-20.57.00:951][886]LogDirectoryWatcher: A directory notification for '../../Plugins/Runtime/Steam/SteamVR/Content/' was aborted.
[2019.03.16-20.57.01:059][886]LogExit: Object subsystem successfully closed.
[2019.03.16-20.57.01:110][886]LogShaderCompilers: Display: Shaders left to compile 0
[2019.03.16-20.57.01:115][886]LogD3D11RHI: Shutdown
[2019.03.16-20.57.01:115][886]LogD3D11RHI: CleanupD3DDevice
[2019.03.16-20.57.01:117][886]LogD3D11RHI: ~FD3D11DynamicRHI
[2019.03.16-20.57.01:137][886]LogModuleManager: Shutting down and abandoning module HierarchicalLODOutliner (568)
[2019.03.16-20.57.01:137][886]LogModuleManager: Shutting down and abandoning module DesktopPlatform (566)
[2019.03.16-20.57.01:137][886]LogModuleManager: Shutting down and abandoning module SceneOutliner (564)
[2019.03.16-20.57.01:137][886]LogModuleManager: Shutting down and abandoning module AddContentDialog (562)
[2019.03.16-20.57.01:137][886]LogDirectoryWatcher: A directory notification for 'C:/Program Files/Epic Games/UnrealEngine-FleX-4.19.2/FeaturePacks/' was aborted.
[2019.03.16-20.57.01:138][886]LogModuleManager: Shutting down and abandoning module WidgetCarousel (561)
[2019.03.16-20.57.01:138][886]LogModuleManager: Shutting down and abandoning module EditorWidgets (558)
[2019.03.16-20.57.01:138][886]LogModuleManager: Shutting down and abandoning module CollectionManager (556)
[2019.03.16-20.57.01:138][886]LogDirectoryWatcher: A directory notification for 'E:/Deckard/Game Development/BoofStudios/CoreSystem/BoofStudios_BaseSystem/Boof_Core/Content/Collections/' was aborted.
[2019.03.16-20.57.01:138][886]LogDirectoryWatcher: A directory notification for 'E:/Deckard/Game Development/BoofStudios/CoreSystem/BoofStudios_BaseSystem/Boof_Core/Content/Developers/Dominic/Collections/' was aborted.
[2019.03.16-20.57.01:138][886]LogDirectoryWatcher: A directory notification for 'E:/Deckard/Game Development/BoofStudios/CoreSystem/BoofStudios_BaseSystem/Boof_Core/Saved/Collections/' was aborted.
[2019.03.16-20.57.01:138][886]LogModuleManager: Shutting down and abandoning module StatsViewer (554)
[2019.03.16-20.57.01:138][886]LogModuleManager: Shutting down and abandoning module FoliageEdit (552)
[2019.03.16-20.57.01:138][886]LogModuleManager: Shutting down and abandoning module LandscapeEditor (550)
[2019.03.16-20.57.01:138][886]LogModuleManager: Shutting down and abandoning module MeshPaintMode (548)
[2019.03.16-20.57.01:138][886]LogModuleManager: Shutting down and abandoning module SceneDepthPickerMode (546)
[2019.03.16-20.57.01:139][886]LogModuleManager: Shutting down and abandoning module ActorPickerMode (544)
[2019.03.16-20.57.01:139][886]LogModuleManager: Shutting down and abandoning module GeometryMode (542)
[2019.03.16-20.57.01:139][886]LogModuleManager: Shutting down and abandoning module TextureAlignMode (540)
[2019.03.16-20.57.01:139][886]LogModuleManager: Shutting down and abandoning module BspMode (538)
[2019.03.16-20.57.01:139][886]LogModuleManager: Shutting down and abandoning module PIEPreviewDeviceProfileSelector (536)
[2019.03.16-20.57.01:139][886]LogModuleManager: Shutting down and abandoning module HardwareSurvey (534)
[2019.03.16-20.57.01:139][886]LogModuleManager: Shutting down and abandoning module SequenceRecorderSections (532)
[2019.03.16-20.57.01:139][886]LogModuleManager: Shutting down and abandoning module AutomationWorker (530)
[2019.03.16-20.57.01:139][886]LogModuleManager: Shutting down and abandoning module AudioCaptureEditor (528)
[2019.03.16-20.57.01:139][886]LogModuleManager: Shutting down and abandoning module SequenceRecorder (527)
[2019.03.16-20.57.01:139][886]LogModuleManager: Shutting down and abandoning module MatineeToLevelSequence (524)
[2019.03.16-20.57.01:139][886]LogModuleManager: Shutting down and abandoning module LevelSequenceEditor (522)
[2019.03.16-20.57.01:139][886]LogModuleManager: Shutting down and abandoning module PlacementMode (521)
[2019.03.16-20.57.01:139][886]LogModuleManager: Shutting down and abandoning module MaterialEditor (520)
[2019.03.16-20.57.01:139][886]LogModuleManager: Shutting down and abandoning module WmfMediaFactory (516)
[2019.03.16-20.57.01:139][886]LogModuleManager: Shutting down and abandoning module WmfMediaEditor (514)
[2019.03.16-20.57.01:139][886]LogModuleManager: Shutting down and abandoning module MediaPlayerEditor (512)
[2019.03.16-20.57.01:139][886]LogModuleManager: Shutting down and abandoning module OpenExrWrapper (510)
[2019.03.16-20.57.01:139][886]LogModuleManager: Shutting down and abandoning module ImgMediaFactory (508)
[2019.03.16-20.57.01:139][886]LogModuleManager: Shutting down and abandoning module ImgMediaEditor (506)
[2019.03.16-20.57.01:139][886]LogModuleManager: Shutting down and abandoning module AvfMediaFactory (504)
[2019.03.16-20.57.01:139][886]LogModuleManager: Shutting down and abandoning module AvfMediaEditor (502)
[2019.03.16-20.57.01:139][886]LogModuleManager: Shutting down and abandoning module AndroidMediaFactory (500)
[2019.03.16-20.57.01:139][886]LogModuleManager: Shutting down and abandoning module AndroidMediaEditor (498)
[2019.03.16-20.57.01:139][886]LogModuleManager: Shutting down and abandoning module CharacterAI (496)
[2019.03.16-20.57.01:139][886]LogModuleManager: Shutting down and abandoning module SmartSnapping (494)
[2019.03.16-20.57.01:139][886]LogModuleManager: Shutting down and abandoning module SessionServices (492)
[2019.03.16-20.57.01:139][886]LogModuleManager: Shutting down and abandoning module ViewportSnapping (490)
[2019.03.16-20.57.01:139][886]LogModuleManager: Shutting down and abandoning module ViewportInteraction (488)
[2019.03.16-20.57.01:139][886]LogModuleManager: Shutting down and abandoning module ClothPainter (486)
[2019.03.16-20.57.01:139][886]LogModuleManager: Shutting down and abandoning module SkeletalMeshEditor (485)
[2019.03.16-20.57.01:139][886]LogModuleManager: Shutting down and abandoning module LogVisualizer (482)
[2019.03.16-20.57.01:140][886]LogModuleManager: Shutting down and abandoning module IntroTutorials (480)
[2019.03.16-20.57.01:140][886]LogModuleManager: Shutting down and abandoning module GameProjectGeneration (479)
[2019.03.16-20.57.01:140][886]LogModuleManager: Shutting down and abandoning module IOSPlatformEditor (476)
[2019.03.16-20.57.01:140][886]LogModuleManager: Shutting down and abandoning module HTML5PlatformEditor (474)
[2019.03.16-20.57.01:140][886]LogModuleManager: Shutting down and abandoning module AndroidPlatformEditor (472)
[2019.03.16-20.57.01:140][886]LogModuleManager: Shutting down and abandoning module AndroidDeviceDetection (471)
[2019.03.16-20.57.02:090][886]LogModuleManager: Shutting down and abandoning module WindowsPlatformEditor (468)
[2019.03.16-20.57.02:091][886]LogModuleManager: Shutting down and abandoning module IOSRuntimeSettings (466)
[2019.03.16-20.57.02:091][886]LogModuleManager: Shutting down and abandoning module AndroidRuntimeSettings (464)
[2019.03.16-20.57.02:091][886]LogModuleManager: Shutting down and abandoning module InputBindingEditor (462)
[2019.03.16-20.57.02:091][886]LogModuleManager: Shutting down and abandoning module MergeActors (460)
[2019.03.16-20.57.02:091][886]LogModuleManager: Shutting down and abandoning module LocalizationDashboard (458)
[2019.03.16-20.57.02:092][886]LogModuleManager: Shutting down and abandoning module LocalizationService (457)
[2019.03.16-20.57.02:092][886]LogModuleManager: Shutting down and abandoning module HardwareTargeting (454)
[2019.03.16-20.57.02:092][886]LogModuleManager: Shutting down and abandoning module DeviceProfileEditor (452)
[2019.03.16-20.57.02:092][886]LogModuleManager: Shutting down and abandoning module UndoHistory (450)
[2019.03.16-20.57.02:092][886]LogModuleManager: Shutting down and abandoning module XmlParser (448)
[2019.03.16-20.57.02:092][886]LogModuleManager: Shutting down and abandoning module Blutility (446)
[2019.03.16-20.57.02:092][886]LogModuleManager: Shutting down and abandoning module ProjectSettingsViewer (444)
[2019.03.16-20.57.02:092][886]LogModuleManager: Shutting down and abandoning module ProjectTargetPlatformEditor (443)
[2019.03.16-20.57.02:092][886]LogModuleManager: Shutting down and abandoning module EditorSettingsViewer (440)
[2019.03.16-20.57.02:092][886]LogModuleManager: Shutting down and abandoning module SettingsEditor (438)
[2019.03.16-20.57.02:092][886]LogModuleManager: Shutting down and abandoning module ProjectLauncher (436)
[2019.03.16-20.57.02:092][886]LogModuleManager: Shutting down and abandoning module SessionFrontend (434)
[2019.03.16-20.57.02:092][886]LogModuleManager: Shutting down and abandoning module ProfilerClient (432)
[2019.03.16-20.57.02:092][886]LogModuleManager: Shutting down and abandoning module DeviceManager (430)
[2019.03.16-20.57.02:092][886]LogModuleManager: Shutting down and abandoning module TargetDeviceServices (429)
[2019.03.16-20.57.02:146][886]LogModuleManager: Shutting down and abandoning module AutomationController (426)
[2019.03.16-20.57.02:146][886]LogModuleManager: Shutting down and abandoning module AutomationWindow (424)
[2019.03.16-20.57.02:146][886]LogModuleManager: Shutting down and abandoning module Layers (422)
[2019.03.16-20.57.02:146][886]LogModuleManager: Shutting down and abandoning module ComponentVisualizers (420)
[2019.03.16-20.57.02:146][886]LogModuleManager: Shutting down and abandoning module DetailCustomizations (418)
[2019.03.16-20.57.02:146][886]LogModuleManager: Shutting down and abandoning module PackagesDialog (416)
[2019.03.16-20.57.02:146][886]LogModuleManager: Shutting down and abandoning module Persona (414)
[2019.03.16-20.57.02:146][886]LogModuleManager: Shutting down and abandoning module AdvancedPreviewScene (413)
[2019.03.16-20.57.02:146][886]LogModuleManager: Shutting down and abandoning module AnimGraph (411)
[2019.03.16-20.57.02:146][886]LogModuleManager: Shutting down and abandoning module Kismet (408)
[2019.03.16-20.57.02:146][886]LogModuleManager: Shutting down and abandoning module GraphEditor (406)
[2019.03.16-20.57.02:146][886]LogModuleManager: Shutting down and abandoning module ClassViewer (404)
[2019.03.16-20.57.02:146][886]LogModuleManager: Shutting down and abandoning module Toolbox (402)
[2019.03.16-20.57.02:146][886]LogModuleManager: Shutting down and abandoning module ModuleUI (400)
[2019.03.16-20.57.02:146][886]LogModuleManager: Shutting down and abandoning module MovieSceneTools (398)
[2019.03.16-20.57.02:147][886]LogModuleManager: Shutting down and abandoning module OutputLog (396)
[2019.03.16-20.57.02:147][886]LogModuleManager: Shutting down and abandoning module GammaUI (394)
[2019.03.16-20.57.02:147][886]LogModuleManager: Shutting down and abandoning module Documentation (392)
[2019.03.16-20.57.02:147][886]LogModuleManager: Shutting down and abandoning module MovieSceneTracks (390)
[2019.03.16-20.57.02:147][886]LogModuleManager: Shutting down and abandoning module MovieScene (388)
[2019.03.16-20.57.02:147][886]LogModuleManager: Shutting down and abandoning module StreamingPauseRendering (386)
[2019.03.16-20.57.02:147][886]LogModuleManager: Shutting down and abandoning module LauncherPlatform (384)
[2019.03.16-20.57.02:147][886]LogModuleManager: Shutting down and abandoning module AnalyticsET (382)
[2019.03.16-20.57.02:147][886]LogModuleManager: Shutting down and abandoning module PortalServices (380)
[2019.03.16-20.57.02:147][886]LogModuleManager: Shutting down and abandoning module PortalRpc (378)
[2019.03.16-20.57.02:147][886]LogModuleManager: Shutting down and abandoning module MessagingRpc (376)
[2019.03.16-20.57.02:147][886]LogModuleManager: Shutting down and abandoning module AIModule (374)
[2019.03.16-20.57.02:147][886]LogModuleManager: Shutting down and abandoning module GameplayDebugger (373)
[2019.03.16-20.57.02:147][886]LogModuleManager: Shutting down and abandoning module AITestSuite (371)
[2019.03.16-20.57.02:147][886]LogModuleManager: Shutting down and abandoning module ProfilerService (368)
[2019.03.16-20.57.02:260][886]LogModuleManager: Shutting down and abandoning module TaskGraph (366)
[2019.03.16-20.57.02:260][886]LogModuleManager: Shutting down and abandoning module SteamVRController (364)
[2019.03.16-20.57.02:261][886]LogModuleManager: Shutting down and abandoning module ProceduralMeshComponentEditor (362)
[2019.03.16-20.57.02:261][886]LogModuleManager: Shutting down and abandoning module ProceduralMeshComponent (360)
[2019.03.16-20.57.02:261][886]LogModuleManager: Shutting down and abandoning module OculusInput (358)
[2019.03.16-20.57.02:261][886]LogModuleManager: Shutting down and abandoning module MobilePatchingUtils (356)
[2019.03.16-20.57.02:261][886]LogModuleManager: Shutting down and abandoning module CustomMeshComponent (354)
[2019.03.16-20.57.02:261][886]LogModuleManager: Shutting down and abandoning module CableComponent (352)
[2019.03.16-20.57.02:261][886]LogModuleManager: Shutting down and abandoning module AudioCapture (350)
[2019.03.16-20.57.02:261][886]LogModuleManager: Shutting down and abandoning module ArchVisCharacter (348)
[2019.03.16-20.57.02:261][886]LogModuleManager: Shutting down and abandoning module AndroidPermission (346)
[2019.03.16-20.57.02:261][886]LogModuleManager: Shutting down and abandoning module NUTUnrealEngine4 (342)
[2019.03.16-20.57.02:261][886]LogModuleManager: Shutting down and abandoning module NetcodeUnitTest (340)
[2019.03.16-20.57.02:261][886]LogModuleManager: Shutting down and abandoning module MediaCompositingEditor (338)
[2019.03.16-20.57.02:261][886]LogModuleManager: Shutting down and abandoning module MediaCompositing (336)
[2019.03.16-20.57.02:261][886]LogModuleManager: Shutting down and abandoning module LinearTimecode (334)
[2019.03.16-20.57.02:261][886]LogModuleManager: Shutting down and abandoning module ImgMedia (332)
[2019.03.16-20.57.02:266][886]LogModuleManager: Shutting down and abandoning module FlexEditor (330)
[2019.03.16-20.57.02:266][886]LogModuleManager: Shutting down and abandoning module HTML5Networking (328)
[2019.03.16-20.57.02:266][886]LogModuleManager: Shutting down and abandoning module AlembicImporter (326)
[2019.03.16-20.57.02:266][886]LogModuleManager: Shutting down and abandoning module AlembicLibrary (325)
[2019.03.16-20.57.02:266][886]LogModuleManager: Shutting down and abandoning module GeometryCache (324)
[2019.03.16-20.57.02:266][886]LogModuleManager: Shutting down and abandoning module GeometryCacheEd (323)
[2019.03.16-20.57.02:266][886]LogModuleManager: Shutting down and abandoning module DatasmithContent (318)
[2019.03.16-20.57.02:266][886]LogModuleManager: Shutting down and abandoning module SpeedTreeImporter (316)
[2019.03.16-20.57.02:266][886]LogModuleManager: Shutting down and abandoning module PluginBrowser (314)
[2019.03.16-20.57.02:266][886]LogModuleManager: Shutting down and abandoning module MobileLauncherProfileWizard (312)
[2019.03.16-20.57.02:266][886]LogModuleManager: Shutting down and abandoning module CryptoKeysOpenSSL (310)
[2019.03.16-20.57.02:266][886]LogModuleManager: Shutting down and abandoning module CryptoKeys (308)
[2019.03.16-20.57.02:266][886]LogModuleManager: Shutting down and abandoning module VisualStudioSourceCodeAccess (306)
[2019.03.16-20.57.02:266][886]LogModuleManager: Shutting down and abandoning module VisualStudioCodeSourceCodeAccess (304)
[2019.03.16-20.57.02:266][886]LogModuleManager: Shutting down and abandoning module UObjectPlugin (302)
[2019.03.16-20.57.02:266][886]LogModuleManager: Shutting down and abandoning module SubversionSourceControl (300)
[2019.03.16-20.57.02:266][886]LogModuleManager: Shutting down and abandoning module PerforceSourceControl (298)
[2019.03.16-20.57.02:266][886]LogModuleManager: Shutting down and abandoning module GitSourceControl (296)
[2019.03.16-20.57.02:266][886]LogModuleManager: Shutting down and abandoning module SourceControl (295)
[2019.03.16-20.57.02:266][886]LogModuleManager: Shutting down and abandoning module CLionSourceCodeAccess (292)
[2019.03.16-20.57.02:266][886]LogModuleManager: Shutting down and abandoning module LightPropagationVolumeEditor (290)
[2019.03.16-20.57.02:266][886]LogModuleManager: Shutting down and abandoning module PaperTiledImporter (288)
[2019.03.16-20.57.02:266][886]LogModuleManager: Shutting down and abandoning module PaperSpriteSheetImporter (286)
[2019.03.16-20.57.02:266][886]LogModuleManager: Shutting down and abandoning module Paper2DEditor (284)
[2019.03.16-20.57.02:267][886]LogModuleManager: Shutting down and abandoning module MeshPaint (283)
[2019.03.16-20.57.02:267][886]LogModuleManager: Shutting down and abandoning module Boof_Core (280)
[2019.03.16-20.57.02:267][886]LogModuleManager: Shutting down and abandoning module RuntimePhysXCooking (278)
[2019.03.16-20.57.02:267][886]LogModuleManager: Shutting down and abandoning module PhysXVehiclesEditor (276)
[2019.03.16-20.57.02:267][886]LogModuleManager: Shutting down and abandoning module PhysXVehicles (274)
[2019.03.16-20.57.02:267][886]LogModuleManager: Shutting down and abandoning module OculusEditor (272)
[2019.03.16-20.57.02:267][886]LogModuleManager: Shutting down and abandoning module LocationServicesBPLibrary (270)
[2019.03.16-20.57.02:267][886]LogModuleManager: Shutting down and abandoning module ImmediatePhysicsEditor (268)
[2019.03.16-20.57.02:267][886]LogModuleManager: Shutting down and abandoning module ImmediatePhysics (266)
[2019.03.16-20.57.02:267][886]LogModuleManager: Shutting down and abandoning module ActorSequence (264)
[2019.03.16-20.57.02:267][886]LogModuleManager: Shutting down and abandoning module UdpMessaging (262)
[2019.03.16-20.57.02:368][886]LogModuleManager: Shutting down and abandoning module TcpMessaging (260)
[2019.03.16-20.57.02:469][886]LogModuleManager: Shutting down and abandoning module GameplayTagsEditor (258)
[2019.03.16-20.57.02:469][886]LogModuleManager: Shutting down and abandoning module FacialAnimationEditor (256)
[2019.03.16-20.57.02:469][886]LogModuleManager: Shutting down and abandoning module FacialAnimation (254)
[2019.03.16-20.57.02:469][886]LogModuleManager: Shutting down and abandoning module DataValidation (252)
[2019.03.16-20.57.02:469][886]LogModuleManager: Shutting down and abandoning module AssetManagerEditor (250)
[2019.03.16-20.57.02:469][886]LogModuleManager: Shutting down and abandoning module LevelEditor (249)
[2019.03.16-20.57.02:471][886]LogModuleManager: Shutting down and abandoning module PixelInspectorModule (248)
[2019.03.16-20.57.02:471][886]LogModuleManager: Shutting down and abandoning module CommonMenuExtensions (246)
[2019.03.16-20.57.02:471][886]LogModuleManager: Shutting down and abandoning module MainFrame (244)
[2019.03.16-20.57.02:471][886]LogModuleManager: Shutting down and abandoning module HotReload (243)
[2019.03.16-20.57.02:471][886]LogDirectoryWatcher: A directory notification for 'E:/Deckard/Game Development/BoofStudios/CoreSystem/BoofStudios_BaseSystem/Boof_Core/Binaries/Win64' was aborted.
[2019.03.16-20.57.02:472][886]LogModuleManager: Shutting down and abandoning module ContentBrowser (239)
[2019.03.16-20.57.02:473][886]LogModuleManager: Shutting down and abandoning module TreeMap (237)
[2019.03.16-20.57.02:473][886]LogModuleManager: Shutting down and abandoning module LightPropagationVolumeRuntime (234)
[2019.03.16-20.57.02:473][886]LogModuleManager: Shutting down and abandoning module LiveLinkEditor (232)
[2019.03.16-20.57.02:473][886]LogModuleManager: Shutting down and abandoning module LiveLink (230)
[2019.03.16-20.57.03:100][886]LogModuleManager: Shutting down and abandoning module Paper2D (228)
[2019.03.16-20.57.03:100][886]LogModuleManager: Shutting down and abandoning module WindowsMoviePlayer (226)
[2019.03.16-20.57.03:100][886]LogModuleManager: Shutting down and abandoning module WmfMedia (224)
[2019.03.16-20.57.03:106][886]LogModuleManager: Shutting down and abandoning module Media (223)
[2019.03.16-20.57.03:112][886]LogModuleManager: Shutting down and abandoning module PacketHandler (220)
[2019.03.16-20.57.03:112][886]LogModuleManager: Shutting down and abandoning module ClothingSystemEditor (218)
[2019.03.16-20.57.03:112][886]LogModuleManager: Shutting down and abandoning module ClothingSystemRuntime (216)
[2019.03.16-20.57.03:113][886]LogModuleManager: Shutting down and abandoning module MediaAssets (214)
[2019.03.16-20.57.03:113][886]LogModuleManager: Shutting down and abandoning module Overlay (212)
[2019.03.16-20.57.03:113][886]LogModuleManager: Shutting down and abandoning module OverlayEditor (211)
[2019.03.16-20.57.03:113][886]LogModuleManager: Shutting down and abandoning module VREditor (208)
[2019.03.16-20.57.03:113][886]LogModuleManager: Shutting down and abandoning module StringTableEditor (206)
[2019.03.16-20.57.03:113][886]LogModuleManager: Shutting down and abandoning module GameplayTasksEditor (204)
[2019.03.16-20.57.03:113][886]LogModuleManager: Shutting down and abandoning module BehaviorTreeEditor (202)
[2019.03.16-20.57.03:113][886]LogModuleManager: Shutting down and abandoning module FunctionalTesting (200)
[2019.03.16-20.57.03:113][886]LogModuleManager: Shutting down and abandoning module CollisionAnalyzer (198)
[2019.03.16-20.57.03:113][886]LogModuleManager: Shutting down and abandoning module WorkspaceMenuStructure (197)
[2019.03.16-20.57.03:113][886]LogModuleManager: Shutting down and abandoning module UMG (194)
[2019.03.16-20.57.03:113][886]LogModuleManager: Shutting down and abandoning module UMGEditor (193)
[2019.03.16-20.57.03:113][886]LogModuleManager: Shutting down and abandoning module Sequencer (192)
[2019.03.16-20.57.03:113][886]LogModuleManager: Shutting down and abandoning module MessageLog (189)
[2019.03.16-20.57.03:113][886]LogModuleManager: Shutting down and abandoning module SlateReflector (184)
[2019.03.16-20.57.03:113][886]LogModuleManager: Shutting down and abandoning module Slate (182)
[2019.03.16-20.57.03:113][886]LogModuleManager: Shutting down and abandoning module EditorStyle (180)
[2019.03.16-20.57.03:115][886]LogModuleManager: Shutting down and abandoning module MRMesh (178)
[2019.03.16-20.57.03:115][886]LogModuleManager: Shutting down and abandoning module SourceCodeAccess (176)
[2019.03.16-20.57.03:115][886]LogModuleManager: Shutting down and abandoning module HeadMountedDisplay (174)
[2019.03.16-20.57.03:115][886]LogModuleManager: Shutting down and abandoning module XAudio2 (172)
[2019.03.16-20.57.03:115][886]LogModuleManager: Shutting down and abandoning module Networking (170)
[2019.03.16-20.57.03:115][886]LogModuleManager: Shutting down and abandoning module Core (168)
[2019.03.16-20.57.03:115][886]LogModuleManager: Shutting down and abandoning module LevelSequence (166)
[2019.03.16-20.57.03:115][886]LogModuleManager: Shutting down and abandoning module KismetCompiler (164)
[2019.03.16-20.57.03:115][886]LogModuleManager: Shutting down and abandoning module MeshUtilities (162)
[2019.03.16-20.57.03:115][886]LogModuleManager: Shutting down and abandoning module MeshMergeUtilities (161)
[2019.03.16-20.57.03:115][886]LogModuleManager: Shutting down and abandoning module MeshReductionInterface (160)
[2019.03.16-20.57.03:115][886]LogModuleManager: Shutting down and abandoning module QuadricMeshReduction (159)
[2019.03.16-20.57.03:115][886]LogModuleManager: Shutting down and abandoning module MaterialBaking (155)
[2019.03.16-20.57.03:115][886]LogModuleManager: Shutting down and abandoning module DirectoryWatcher (151)
[2019.03.16-20.57.03:117][886]LogModuleManager: Shutting down and abandoning module DerivedDataCache (148)
[2019.03.16-20.57.03:167][886]LogDerivedDataCache: Shutdown
[2019.03.16-20.57.03:167][886]LogModuleManager: Shutting down and abandoning module XGEController (146)
[2019.03.16-20.57.03:167][886]LogXGEController: Cleaning working directory: C:/Users/mesht/AppData/Local/Temp/UnrealXGEWorkingDir/
[2019.03.16-20.57.03:167][886]LogModuleManager: Shutting down and abandoning module TargetPlatform (144)
[2019.03.16-20.57.03:167][886]LogModuleManager: Shutting down and abandoning module VulkanShaderFormat (143)
[2019.03.16-20.57.03:167][886]LogModuleManager: Shutting down and abandoning module ShaderFormatVectorVM (141)
[2019.03.16-20.57.03:167][886]LogModuleManager: Shutting down and abandoning module ShaderFormatOpenGL (139)
[2019.03.16-20.57.03:167][886]LogModuleManager: Shutting down and abandoning module ShaderFormatD3D (137)
[2019.03.16-20.57.03:167][886]LogModuleManager: Shutting down and abandoning module MetalShaderFormat (135)
[2019.03.16-20.57.03:167][886]LogModuleManager: Shutting down and abandoning module TextureFormatUncompressed (133)
[2019.03.16-20.57.03:168][886]LogModuleManager: Shutting down and abandoning module TextureFormatPVR (131)
[2019.03.16-20.57.03:168][886]LogModuleManager: Shutting down and abandoning module TextureFormatDXT (129)
[2019.03.16-20.57.03:168][886]LogModuleManager: Shutting down and abandoning module TextureFormatIntelISPCTexComp (127)
[2019.03.16-20.57.03:168][886]LogModuleManager: Shutting down and abandoning module TextureFormatASTC (125)
[2019.03.16-20.57.03:168][886]LogModuleManager: Shutting down and abandoning module ImageWrapper (124)
[2019.03.16-20.57.03:168][886]LogModuleManager: Shutting down and abandoning module TextureFormatAndroid (121)
[2019.03.16-20.57.03:168][886]LogModuleManager: Shutting down and abandoning module AudioFormatOpus (119)
[2019.03.16-20.57.03:168][886]LogModuleManager: Shutting down and abandoning module AudioFormatOgg (117)
[2019.03.16-20.57.03:168][886]LogModuleManager: Shutting down and abandoning module AudioFormatADPCM (115)
[2019.03.16-20.57.03:168][886]LogModuleManager: Shutting down and abandoning module TVOSTargetPlatform (113)
[2019.03.16-20.57.03:168][886]LogModuleManager: Shutting down and abandoning module Messaging (111)
[2019.03.16-20.57.03:168][886]LogModuleManager: Shutting down and abandoning module IOSTargetPlatform (109)
[2019.03.16-20.57.03:168][886]LogModuleManager: Shutting down and abandoning module HTML5TargetPlatform (107)
[2019.03.16-20.57.03:168][886]LogModuleManager: Shutting down and abandoning module AndroidTargetPlatform (105)
[2019.03.16-20.57.03:168][886]LogModuleManager: Shutting down and abandoning module Android_PVRTCTargetPlatform (103)
[2019.03.16-20.57.03:168][886]LogModuleManager: Shutting down and abandoning module Android_MultiTargetPlatform (101)
[2019.03.16-20.57.03:168][886]LogModuleManager: Shutting down and abandoning module Android_ETC2TargetPlatform (99)
[2019.03.16-20.57.03:168][886]LogModuleManager: Shutting down and abandoning module Android_ETC1TargetPlatform (97)
[2019.03.16-20.57.03:168][886]LogModuleManager: Shutting down and abandoning module Android_ETC1aTargetPlatform (95)
[2019.03.16-20.57.03:168][886]LogModuleManager: Shutting down and abandoning module Android_DXTTargetPlatform (93)
[2019.03.16-20.57.03:168][886]LogModuleManager: Shutting down and abandoning module Android_ATCTargetPlatform (91)
[2019.03.16-20.57.03:168][886]LogModuleManager: Shutting down and abandoning module Android_ASTCTargetPlatform (89)
[2019.03.16-20.57.03:168][886]LogModuleManager: Shutting down and abandoning module WindowsTargetPlatform (87)
[2019.03.16-20.57.03:168][886]LogModuleManager: Shutting down and abandoning module WindowsServerTargetPlatform (85)
[2019.03.16-20.57.03:168][886]LogModuleManager: Shutting down and abandoning module WindowsNoEditorTargetPlatform (83)
[2019.03.16-20.57.03:168][886]LogModuleManager: Shutting down and abandoning module WindowsClientTargetPlatform (81)
[2019.03.16-20.57.03:168][886]LogModuleManager: Shutting down and abandoning module MacTargetPlatform (79)
[2019.03.16-20.57.03:169][886]LogModuleManager: Shutting down and abandoning module MacServerTargetPlatform (77)
[2019.03.16-20.57.03:169][886]LogModuleManager: Shutting down and abandoning module MacNoEditorTargetPlatform (75)
[2019.03.16-20.57.03:169][886]LogModuleManager: Shutting down and abandoning module MacClientTargetPlatform (73)
[2019.03.16-20.57.03:169][886]LogModuleManager: Shutting down and abandoning module AllDesktopTargetPlatform (71)
[2019.03.16-20.57.03:169][886]LogModuleManager: Shutting down and abandoning module InputCore (68)
[2019.03.16-20.57.03:169][886]LogModuleManager: Shutting down and abandoning module Settings (66)
[2019.03.16-20.57.03:169][886]LogModuleManager: Shutting down and abandoning module PhysXCooking (64)
[2019.03.16-20.57.03:169][886]LogModuleManager: Shutting down and abandoning module SteamVR (62)
[2019.03.16-20.57.03:169][886]LogModuleManager: Shutting down and abandoning module OculusHMD (60)
[2019.03.16-20.57.03:169][886]LogModuleManager: Shutting down and abandoning module ExampleDeviceProfileSelector (58)
[2019.03.16-20.57.03:169][886]LogModuleManager: Shutting down and abandoning module AppleARKit (56)
[2019.03.16-20.57.03:169][886]LogModuleManager: Shutting down and abandoning module AugmentedReality (53)
[2019.03.16-20.57.03:169][886]LogModuleManager: Shutting down and abandoning module OnlineBlueprintSupport (50)
[2019.03.16-20.57.03:169][886]LogModuleManager: Shutting down and abandoning module OnlineSubsystem (46)
[2019.03.16-20.57.03:169][886]LogModuleManager: Shutting down and abandoning module XMPP (45)
[2019.03.16-20.57.03:169][886]LogModuleManager: Shutting down and abandoning module HTTP (43)
[2019.03.16-20.57.03:169][886]LogHttp: Display: Http module shutting down, but needs to wait on 1 outstanding Http requests:
[2019.03.16-20.57.03:169][886]LogHttp: Display: 	verb=[POST] url=[https://datarouter.ol.epicgames.com/datarouter/api/v1/public/data?SessionID=%7B821D1850-446E-E952-388C-87B526DD9EB0%7D&AppID=UEEditor.UnrealEngine.Release&AppVersion=4.19.2-0%2B%2B%2BUE4%2BRelease-4.19&UserID=3ed4cd184c79817fa41750a5749f3d64%7C9a7113778c324a5ebfbe2ee726f02543%7C220484ee-82e4-4c5b-bfac-464309ddc758&AppEnvironment=datacollector-source&UploadType=eteventstream] status=Processing
[2019.03.16-20.57.03:184][886]LogModuleManager: Shutting down and abandoning module SSL (42)
[2019.03.16-20.57.03:186][886]LogModuleManager: Shutting down and abandoning module Flex (38)
[2019.03.16-20.57.03:186][886]LogModuleManager: Shutting down and abandoning module AnimationModifiers (36)
[2019.03.16-20.57.03:186][886]LogModuleManager: Shutting down and abandoning module PropertyEditor (35)
[2019.03.16-20.57.03:186][886]LogModuleManager: Shutting down and abandoning module AudioEditor (32)
[2019.03.16-20.57.03:186][886]LogModuleManager: Shutting down and abandoning module TextureCompressor (30)
[2019.03.16-20.57.03:187][886]LogModuleManager: Shutting down and abandoning module ShaderCore (28)
[2019.03.16-20.57.03:187][886]LogModuleManager: Shutting down and abandoning module Landscape (26)
[2019.03.16-20.57.03:187][886]LogModuleManager: Shutting down and abandoning module SlateRHIRenderer (24)
[2019.03.16-20.57.03:187][886]LogModuleManager: Shutting down and abandoning module OpenGLDrv (22)
[2019.03.16-20.57.03:188][886]LogModuleManager: Shutting down and abandoning module D3D11RHI (20)
[2019.03.16-20.57.03:188][886]LogModuleManager: Shutting down and abandoning module AnimGraphRuntime (18)
[2019.03.16-20.57.03:188][886]LogModuleManager: Shutting down and abandoning module Renderer (16)
[2019.03.16-20.57.03:188][886]LogModuleManager: Shutting down and abandoning module Engine (14)
[2019.03.16-20.57.03:188][886]LogModuleManager: Shutting down and abandoning module CoreUObject (12)
[2019.03.16-20.57.03:188][886]LogModuleManager: Shutting down and abandoning module NetworkFile (10)
[2019.03.16-20.57.03:188][886]LogModuleManager: Shutting down and abandoning module CookedIterativeFile (8)
[2019.03.16-20.57.03:188][886]LogModuleManager: Shutting down and abandoning module StreamingFile (6)
[2019.03.16-20.57.03:188][886]LogModuleManager: Shutting down and abandoning module SandboxFile (4)
[2019.03.16-20.57.03:188][886]LogModuleManager: Shutting down and abandoning module PakFile (2)
[2019.03.16-20.57.03:209][886]LogExit: Exiting.
[2019.03.16-20.57.03:226][886]Log file closed, 03/16/19 14:57:03
